C:\USERS\MOBER6\DOCUMENTS\VISUAL STUDIO 2012\PROJECTS\CONSOLEAPPLICATION15\CONSOLEAPPLICATION15\DEBUG\CONSOLEAPPLICATION15.OBJ
C:\USERS\MOBER6\DOCUMENTS\VISUAL STUDIO 2012\PROJECTS\CONSOLEAPPLICATION15\CONSOLEAPPLICATION15\DEBUG\STDAFX.OBJ
C:\USERS\MOBER6\DOCUMENTS\VISUAL STUDIO 2012\PROJECTS\CONSOLEAPPLICATION15\CONSOLEAPPLICATION15\DEBUG\VC110.PDB
C:\USERS\MOBER6\DOCUMENTS\VISUAL STUDIO 2012\PROJECTS\CONSOLEAPPLICATION15\DEBUG\CONSOLEAPPLICATION15.ILK
C:\USERS\MOBER6\DOCUMENTS\VISUAL STUDIO 2012\PROJECTS\CONSOLEAPPLICATION15\DEBUG\CONSOLEAPPLICATION15.EXE
C:\USERS\MOBER6\DOCUMENTS\VISUAL STUDIO 2012\PROJECTS\CONSOLEAPPLICATION15\DEBUG\CONSOLEAPPLICATION15.PDB
c:\Users\Mober6\documents\visual studio 2012\Projects\ConsoleApplication15\ConsoleApplication15\Debug\ConsoleApplication15.obj
c:\Users\Mober6\documents\visual studio 2012\Projects\ConsoleApplication15\ConsoleApplication15\Debug\stdafx.obj
c:\Users\Mober6\documents\visual studio 2012\Projects\ConsoleApplication15\ConsoleApplication15\Debug\cl.command.1.tlog
c:\Users\Mober6\documents\visual studio 2012\Projects\ConsoleApplication15\ConsoleApplication15\Debug\CL.read.1.tlog
c:\Users\Mober6\documents\visual studio 2012\Projects\ConsoleApplication15\ConsoleApplication15\Debug\CL.write.1.tlog
c:\Users\Mober6\documents\visual studio 2012\Projects\ConsoleApplication15\ConsoleApplication15\Debug\link-cvtres.read.1.tlog
c:\Users\Mober6\documents\visual studio 2012\Projects\ConsoleApplication15\ConsoleApplication15\Debug\link-cvtres.write.1.tlog
c:\Users\Mober6\documents\visual studio 2012\Projects\ConsoleApplication15\ConsoleApplication15\Debug\link-rc.read.1.tlog
c:\Users\Mober6\documents\visual studio 2012\Projects\ConsoleApplication15\ConsoleApplication15\Debug\link-rc.write.1.tlog
c:\Users\Mober6\documents\visual studio 2012\Projects\ConsoleApplication15\ConsoleApplication15\Debug\link.11988-cvtres.read.1.tlog
c:\Users\Mober6\documents\visual studio 2012\Projects\ConsoleApplication15\ConsoleApplication15\Debug\link.11988-cvtres.write.1.tlog
c:\Users\Mober6\documents\visual studio 2012\Projects\ConsoleApplication15\ConsoleApplication15\Debug\link.11988-rc.read.1.tlog
c:\Users\Mober6\documents\visual studio 2012\Projects\ConsoleApplication15\ConsoleApplication15\Debug\link.11988-rc.write.1.tlog
c:\Users\Mober6\documents\visual studio 2012\Projects\ConsoleApplication15\ConsoleApplication15\Debug\link.11988.read.1.tlog
c:\Users\Mober6\documents\visual studio 2012\Projects\ConsoleApplication15\ConsoleApplication15\Debug\link.11988.write.1.tlog
c:\Users\Mober6\documents\visual studio 2012\Projects\ConsoleApplication15\ConsoleApplication15\Debug\link.764-cvtres.read.1.tlog
c:\Users\Mober6\documents\visual studio 2012\Projects\ConsoleApplication15\ConsoleApplication15\Debug\link.764-cvtres.write.1.tlog
c:\Users\Mober6\documents\visual studio 2012\Projects\ConsoleApplication15\ConsoleApplication15\Debug\link.764-rc.read.1.tlog
c:\Users\Mober6\documents\visual studio 2012\Projects\ConsoleApplication15\ConsoleApplication15\Debug\link.764-rc.write.1.tlog
c:\Users\Mober6\documents\visual studio 2012\Projects\ConsoleApplication15\ConsoleApplication15\Debug\link.764.read.1.tlog
c:\Users\Mober6\documents\visual studio 2012\Projects\ConsoleApplication15\ConsoleApplication15\Debug\link.764.write.1.tlog
c:\Users\Mober6\documents\visual studio 2012\Projects\ConsoleApplication15\ConsoleApplication15\Debug\link.8240-cvtres.read.1.tlog
c:\Users\Mober6\documents\visual studio 2012\Projects\ConsoleApplication15\ConsoleApplication15\Debug\link.8240-cvtres.write.1.tlog
c:\Users\Mober6\documents\visual studio 2012\Projects\ConsoleApplication15\ConsoleApplication15\Debug\link.8240-rc.read.1.tlog
c:\Users\Mober6\documents\visual studio 2012\Projects\ConsoleApplication15\ConsoleApplication15\Debug\link.8240-rc.write.1.tlog
c:\Users\Mober6\documents\visual studio 2012\Projects\ConsoleApplication15\ConsoleApplication15\Debug\link.8240.read.1.tlog
c:\Users\Mober6\documents\visual studio 2012\Projects\ConsoleApplication15\ConsoleApplication15\Debug\link.8240.write.1.tlog
c:\Users\Mober6\documents\visual studio 2012\Projects\ConsoleApplication15\ConsoleApplication15\Debug\link.command.1.tlog
c:\Users\Mober6\documents\visual studio 2012\Projects\ConsoleApplication15\ConsoleApplication15\Debug\link.read.1.tlog
c:\Users\Mober6\documents\visual studio 2012\Projects\ConsoleApplication15\ConsoleApplication15\Debug\link.write.1.tlog
c:\Users\Mober6\documents\visual studio 2012\Projects\ConsoleApplication15\ConsoleApplication15\Debug\vc110.idb
c:\Users\Mober6\documents\visual studio 2012\Projects\ConsoleApplication15\ConsoleApplication15\Debug\vc110.pdb
c:\users\mober6\documents\visual studio 2012\Projects\ConsoleApplication15\Debug\ConsoleApplication15.pdb
c:\users\mober6\documents\visual studio 2012\Projects\ConsoleApplication15\Debug\ConsoleApplication15.exe
c:\users\mober6\documents\visual studio 2012\Projects\ConsoleApplication15\Debug\ConsoleApplication15.ilk
