Build started 1/13/2016 11:23:16 PM.
     1>Project "C:\Users\Mober6\Documents\Visual Studio 2012\Projects\a1_1\a1_1\a1_1.vcxproj" on node 2 (Build target(s)).
     1>ClCompile:
         C:\Program Files (x86)\Microsoft Visual Studio 11.0\VC\bin\CL.exe /c /ZI /nologo /W3 /WX- /sdl /Od /Oy- /D WIN32 /D _DEBUG /D _CONSOLE /D _UNICODE /D UNICODE /Gm /EHsc /RTC1 /MDd /GS /fp:precise /Zc:wchar_t /Zc:forScope /Fo"Debug\\" /Fd"Debug\vc110.pdb" /Gd /TP /analyze- /errorReport:prompt a1_1.cpp
         a1_1.cpp
     1>c:\users\mober6\documents\visual studio 2012\projects\a1_1\a1_1\a1_1.cpp(65): warning C4018: '<' : signed/unsigned mismatch
     1>c:\users\mober6\documents\visual studio 2012\projects\a1_1\a1_1\a1_1.cpp(107): warning C4018: '<' : signed/unsigned mismatch
     1>c:\users\mober6\documents\visual studio 2012\projects\a1_1\a1_1\a1_1.cpp(109): warning C4018: '<' : signed/unsigned mismatch
     1>c:\users\mober6\documents\visual studio 2012\projects\a1_1\a1_1\a1_1.cpp(80): warning C4101: 'numSets' : unreferenced local variable
     1>c:\users\mober6\documents\visual studio 2012\projects\a1_1\a1_1\a1_1.cpp(80): warning C4101: 'k' : unreferenced local variable
     1>c:\users\mober6\documents\visual studio 2012\projects\a1_1\a1_1\a1_1.cpp(81): warning C4101: 'foundPerfect' : unreferenced local variable
     1>c:\users\mober6\documents\visual studio 2012\projects\a1_1\a1_1\a1_1.cpp(80): warning C4101: 'max' : unreferenced local variable
     1>c:\users\mober6\documents\visual studio 2012\projects\a1_1\a1_1\a1_1.cpp(80): warning C4101: 'j' : unreferenced local variable
       Link:
         C:\Program Files (x86)\Microsoft Visual Studio 11.0\VC\bin\link.exe /ERRORREPORT:PROMPT /OUT:"C:\Users\Mober6\Documents\Visual Studio 2012\Projects\a1_1\Debug\a1_1.exe" /INCREMENTAL /NOLOGO kernel32.lib user32.lib gdi32.lib winspool.lib comdlg32.lib advapi32.lib shell32.lib ole32.lib oleaut32.lib uuid.lib odbc32.lib odbccp32.lib /MANIFEST /MANIFESTUAC:"level='asInvoker' uiAccess='false'" /manifest:embed /DEBUG /PDB:"C:\Users\Mober6\Documents\Visual Studio 2012\Projects\a1_1\Debug\a1_1.pdb" /SUBSYSTEM:CONSOLE /TLBID:1 /DYNAMICBASE /NXCOMPAT /IMPLIB:"C:\Users\Mober6\Documents\Visual Studio 2012\Projects\a1_1\Debug\a1_1.lib" /MACHINE:X86 Debug\a1_1.obj
         Debug\stdafx.obj
         a1_1.vcxproj -> C:\Users\Mober6\Documents\Visual Studio 2012\Projects\a1_1\Debug\a1_1.exe
     1>Done Building Project "C:\Users\Mober6\Documents\Visual Studio 2012\Projects\a1_1\a1_1\a1_1.vcxproj" (Build target(s)).

Build succeeded.

Time Elapsed 00:00:00.77
