C:\USERS\MOBER6\DOCUMENTS\VISUAL STUDIO 2012\PROJECTS\CONSOLEAPPLICATION40\CONSOLEAPPLICATION40\DEBUG\CONSOLEAPPLICATION40.OBJ
C:\USERS\MOBER6\DOCUMENTS\VISUAL STUDIO 2012\PROJECTS\CONSOLEAPPLICATION40\CONSOLEAPPLICATION40\DEBUG\CREATURE.OBJ
C:\USERS\MOBER6\DOCUMENTS\VISUAL STUDIO 2012\PROJECTS\CONSOLEAPPLICATION40\CONSOLEAPPLICATION40\DEBUG\BALROG.OBJ
C:\USERS\MOBER6\DOCUMENTS\VISUAL STUDIO 2012\PROJECTS\CONSOLEAPPLICATION40\CONSOLEAPPLICATION40\DEBUG\CYBERDEMON.OBJ
C:\USERS\MOBER6\DOCUMENTS\VISUAL STUDIO 2012\PROJECTS\CONSOLEAPPLICATION40\CONSOLEAPPLICATION40\DEBUG\DEMON.OBJ
C:\USERS\MOBER6\DOCUMENTS\VISUAL STUDIO 2012\PROJECTS\CONSOLEAPPLICATION40\CONSOLEAPPLICATION40\DEBUG\ELF.OBJ
C:\USERS\MOBER6\DOCUMENTS\VISUAL STUDIO 2012\PROJECTS\CONSOLEAPPLICATION40\CONSOLEAPPLICATION40\DEBUG\HUMAN.OBJ
C:\USERS\MOBER6\DOCUMENTS\VISUAL STUDIO 2012\PROJECTS\CONSOLEAPPLICATION40\CONSOLEAPPLICATION40\DEBUG\VC110.PDB
C:\USERS\MOBER6\DOCUMENTS\VISUAL STUDIO 2012\PROJECTS\CONSOLEAPPLICATION40 - COPY\CONSOLEAPPLICATION40\DEBUG\BALROG.OBJ
C:\USERS\MOBER6\DOCUMENTS\VISUAL STUDIO 2012\PROJECTS\CONSOLEAPPLICATION40 - COPY\CONSOLEAPPLICATION40\DEBUG\CONSOLEAPPLICATION40.OBJ
C:\USERS\MOBER6\DOCUMENTS\VISUAL STUDIO 2012\PROJECTS\CONSOLEAPPLICATION40 - COPY\CONSOLEAPPLICATION40\DEBUG\CREATURE.OBJ
C:\USERS\MOBER6\DOCUMENTS\VISUAL STUDIO 2012\PROJECTS\CONSOLEAPPLICATION40 - COPY\CONSOLEAPPLICATION40\DEBUG\CYBERDEMON.OBJ
C:\USERS\MOBER6\DOCUMENTS\VISUAL STUDIO 2012\PROJECTS\CONSOLEAPPLICATION40 - COPY\CONSOLEAPPLICATION40\DEBUG\DEMON.OBJ
C:\USERS\MOBER6\DOCUMENTS\VISUAL STUDIO 2012\PROJECTS\CONSOLEAPPLICATION40 - COPY\CONSOLEAPPLICATION40\DEBUG\ELF.OBJ
C:\USERS\MOBER6\DOCUMENTS\VISUAL STUDIO 2012\PROJECTS\CONSOLEAPPLICATION40 - COPY\CONSOLEAPPLICATION40\DEBUG\HUMAN.OBJ
C:\USERS\MOBER6\DOCUMENTS\VISUAL STUDIO 2012\PROJECTS\CONSOLEAPPLICATION40 - COPY\CONSOLEAPPLICATION40\DEBUG\VC110.PDB
C:\USERS\MOBER6\DOCUMENTS\VISUAL STUDIO 2012\PROJECTS\CONSOLEAPPLICATION40\DEBUG\CONSOLEAPPLICATION40.ILK
C:\USERS\MOBER6\DOCUMENTS\VISUAL STUDIO 2012\PROJECTS\CONSOLEAPPLICATION40\DEBUG\CONSOLEAPPLICATION40.EXE
C:\USERS\MOBER6\DOCUMENTS\VISUAL STUDIO 2012\PROJECTS\CONSOLEAPPLICATION40\DEBUG\CONSOLEAPPLICATION40.PDB
C:\USERS\MOBER6\DOCUMENTS\VISUAL STUDIO 2012\PROJECTS\CONSOLEAPPLICATION40 - COPY\DEBUG\CONSOLEAPPLICATION40.ILK
C:\USERS\MOBER6\DOCUMENTS\VISUAL STUDIO 2012\PROJECTS\CONSOLEAPPLICATION40 - COPY\DEBUG\CONSOLEAPPLICATION40.EXE
C:\USERS\MOBER6\DOCUMENTS\VISUAL STUDIO 2012\PROJECTS\CONSOLEAPPLICATION40 - COPY\DEBUG\CONSOLEAPPLICATION40.PDB
C:\Users\Mober6\Documents\Visual Studio 2012\Projects\ConsoleApplication40 - Copy\ConsoleApplication40\Debug\balrog.obj
C:\Users\Mober6\Documents\Visual Studio 2012\Projects\ConsoleApplication40 - Copy\ConsoleApplication40\Debug\ConsoleApplication40.obj
C:\Users\Mober6\Documents\Visual Studio 2012\Projects\ConsoleApplication40 - Copy\ConsoleApplication40\Debug\creature.obj
C:\Users\Mober6\Documents\Visual Studio 2012\Projects\ConsoleApplication40 - Copy\ConsoleApplication40\Debug\cyberdemon.obj
C:\Users\Mober6\Documents\Visual Studio 2012\Projects\ConsoleApplication40 - Copy\ConsoleApplication40\Debug\demon.obj
C:\Users\Mober6\Documents\Visual Studio 2012\Projects\ConsoleApplication40 - Copy\ConsoleApplication40\Debug\elf.obj
C:\Users\Mober6\Documents\Visual Studio 2012\Projects\ConsoleApplication40 - Copy\ConsoleApplication40\Debug\human.obj
C:\Users\Mober6\Documents\Visual Studio 2012\Projects\ConsoleApplication40 - Copy\ConsoleApplication40\Debug\cl.command.1.tlog
C:\Users\Mober6\Documents\Visual Studio 2012\Projects\ConsoleApplication40 - Copy\ConsoleApplication40\Debug\CL.read.1.tlog
C:\Users\Mober6\Documents\Visual Studio 2012\Projects\ConsoleApplication40 - Copy\ConsoleApplication40\Debug\CL.write.1.tlog
C:\Users\Mober6\Documents\Visual Studio 2012\Projects\ConsoleApplication40 - Copy\ConsoleApplication40\Debug\link-cvtres.read.1.tlog
C:\Users\Mober6\Documents\Visual Studio 2012\Projects\ConsoleApplication40 - Copy\ConsoleApplication40\Debug\link-cvtres.write.1.tlog
C:\Users\Mober6\Documents\Visual Studio 2012\Projects\ConsoleApplication40 - Copy\ConsoleApplication40\Debug\link-rc.read.1.tlog
C:\Users\Mober6\Documents\Visual Studio 2012\Projects\ConsoleApplication40 - Copy\ConsoleApplication40\Debug\link-rc.write.1.tlog
C:\Users\Mober6\Documents\Visual Studio 2012\Projects\ConsoleApplication40 - Copy\ConsoleApplication40\Debug\link.10800-cvtres.read.1.tlog
C:\Users\Mober6\Documents\Visual Studio 2012\Projects\ConsoleApplication40 - Copy\ConsoleApplication40\Debug\link.10800-cvtres.write.1.tlog
C:\Users\Mober6\Documents\Visual Studio 2012\Projects\ConsoleApplication40 - Copy\ConsoleApplication40\Debug\link.10800-rc.read.1.tlog
C:\Users\Mober6\Documents\Visual Studio 2012\Projects\ConsoleApplication40 - Copy\ConsoleApplication40\Debug\link.10800-rc.write.1.tlog
C:\Users\Mober6\Documents\Visual Studio 2012\Projects\ConsoleApplication40 - Copy\ConsoleApplication40\Debug\link.10800.read.1.tlog
C:\Users\Mober6\Documents\Visual Studio 2012\Projects\ConsoleApplication40 - Copy\ConsoleApplication40\Debug\link.10800.write.1.tlog
C:\Users\Mober6\Documents\Visual Studio 2012\Projects\ConsoleApplication40 - Copy\ConsoleApplication40\Debug\link.11652-cvtres.read.1.tlog
C:\Users\Mober6\Documents\Visual Studio 2012\Projects\ConsoleApplication40 - Copy\ConsoleApplication40\Debug\link.11652-cvtres.write.1.tlog
C:\Users\Mober6\Documents\Visual Studio 2012\Projects\ConsoleApplication40 - Copy\ConsoleApplication40\Debug\link.11652-rc.read.1.tlog
C:\Users\Mober6\Documents\Visual Studio 2012\Projects\ConsoleApplication40 - Copy\ConsoleApplication40\Debug\link.11652-rc.write.1.tlog
C:\Users\Mober6\Documents\Visual Studio 2012\Projects\ConsoleApplication40 - Copy\ConsoleApplication40\Debug\link.11652.read.1.tlog
C:\Users\Mober6\Documents\Visual Studio 2012\Projects\ConsoleApplication40 - Copy\ConsoleApplication40\Debug\link.11652.write.1.tlog
C:\Users\Mober6\Documents\Visual Studio 2012\Projects\ConsoleApplication40 - Copy\ConsoleApplication40\Debug\link.command.1.tlog
C:\Users\Mober6\Documents\Visual Studio 2012\Projects\ConsoleApplication40 - Copy\ConsoleApplication40\Debug\link.read.1.tlog
C:\Users\Mober6\Documents\Visual Studio 2012\Projects\ConsoleApplication40 - Copy\ConsoleApplication40\Debug\link.write.1.tlog
C:\Users\Mober6\Documents\Visual Studio 2012\Projects\ConsoleApplication40 - Copy\ConsoleApplication40\Debug\vc110.idb
C:\Users\Mober6\Documents\Visual Studio 2012\Projects\ConsoleApplication40 - Copy\ConsoleApplication40\Debug\vc110.pdb
C:\Users\Mober6\Documents\Visual Studio 2012\Projects\ConsoleApplication40 - Copy\Debug\ConsoleApplication40.pdb
C:\Users\Mober6\Documents\Visual Studio 2012\Projects\ConsoleApplication40 - Copy\Debug\ConsoleApplication40.exe
C:\Users\Mober6\Documents\Visual Studio 2012\Projects\ConsoleApplication40 - Copy\Debug\ConsoleApplication40.ilk
