C:\USERS\MOBER6\DOCUMENTS\VISUAL STUDIO 2012\PROJECTS\CONSOLEAPPLICATION33\CONSOLEAPPLICATION33\DEBUG\CONSOLEAPPLICATION33.OBJ
C:\USERS\MOBER6\DOCUMENTS\VISUAL STUDIO 2012\PROJECTS\CONSOLEAPPLICATION33\CONSOLEAPPLICATION33\DEBUG\FRACT.OBJ
C:\USERS\MOBER6\DOCUMENTS\VISUAL STUDIO 2012\PROJECTS\CONSOLEAPPLICATION33\CONSOLEAPPLICATION33\DEBUG\STDAFX.OBJ
C:\USERS\MOBER6\DOCUMENTS\VISUAL STUDIO 2012\PROJECTS\CONSOLEAPPLICATION33\CONSOLEAPPLICATION33\DEBUG\VC110.PDB
C:\USERS\MOBER6\DOCUMENTS\VISUAL STUDIO 2012\PROJECTS\CONSOLEAPPLICATION33\CONSOLEAPPLICATION33\DEBUG\FRACTION.OBJ
C:\USERS\MOBER6\DOCUMENTS\VISUAL STUDIO 2012\PROJECTS\CONSOLEAPPLICATION33\DEBUG\CONSOLEAPPLICATION33.ILK
C:\USERS\MOBER6\DOCUMENTS\VISUAL STUDIO 2012\PROJECTS\CONSOLEAPPLICATION33\DEBUG\CONSOLEAPPLICATION33.EXE
C:\USERS\MOBER6\DOCUMENTS\VISUAL STUDIO 2012\PROJECTS\CONSOLEAPPLICATION33\DEBUG\CONSOLEAPPLICATION33.PDB
C:\Users\Mober6\Documents\Visual Studio 2012\Projects\ConsoleApplication33\ConsoleApplication33\Debug\ConsoleApplication33.obj
C:\Users\Mober6\Documents\Visual Studio 2012\Projects\ConsoleApplication33\ConsoleApplication33\Debug\fract.obj
C:\Users\Mober6\Documents\Visual Studio 2012\Projects\ConsoleApplication33\ConsoleApplication33\Debug\fraction.obj
C:\Users\Mober6\Documents\Visual Studio 2012\Projects\ConsoleApplication33\ConsoleApplication33\Debug\stdafx.obj
C:\Users\Mober6\Documents\Visual Studio 2012\Projects\ConsoleApplication33\ConsoleApplication33\Debug\cl.command.1.tlog
C:\Users\Mober6\Documents\Visual Studio 2012\Projects\ConsoleApplication33\ConsoleApplication33\Debug\CL.read.1.tlog
C:\Users\Mober6\Documents\Visual Studio 2012\Projects\ConsoleApplication33\ConsoleApplication33\Debug\CL.write.1.tlog
C:\Users\Mober6\Documents\Visual Studio 2012\Projects\ConsoleApplication33\ConsoleApplication33\Debug\link-cvtres.read.1.tlog
C:\Users\Mober6\Documents\Visual Studio 2012\Projects\ConsoleApplication33\ConsoleApplication33\Debug\link-cvtres.write.1.tlog
C:\Users\Mober6\Documents\Visual Studio 2012\Projects\ConsoleApplication33\ConsoleApplication33\Debug\link-rc.read.1.tlog
C:\Users\Mober6\Documents\Visual Studio 2012\Projects\ConsoleApplication33\ConsoleApplication33\Debug\link-rc.write.1.tlog
C:\Users\Mober6\Documents\Visual Studio 2012\Projects\ConsoleApplication33\ConsoleApplication33\Debug\link.10980-cvtres.read.1.tlog
C:\Users\Mober6\Documents\Visual Studio 2012\Projects\ConsoleApplication33\ConsoleApplication33\Debug\link.10980-cvtres.write.1.tlog
C:\Users\Mober6\Documents\Visual Studio 2012\Projects\ConsoleApplication33\ConsoleApplication33\Debug\link.10980-rc.read.1.tlog
C:\Users\Mober6\Documents\Visual Studio 2012\Projects\ConsoleApplication33\ConsoleApplication33\Debug\link.10980-rc.write.1.tlog
C:\Users\Mober6\Documents\Visual Studio 2012\Projects\ConsoleApplication33\ConsoleApplication33\Debug\link.10980.read.1.tlog
C:\Users\Mober6\Documents\Visual Studio 2012\Projects\ConsoleApplication33\ConsoleApplication33\Debug\link.10980.write.1.tlog
C:\Users\Mober6\Documents\Visual Studio 2012\Projects\ConsoleApplication33\ConsoleApplication33\Debug\link.11432-cvtres.read.1.tlog
C:\Users\Mober6\Documents\Visual Studio 2012\Projects\ConsoleApplication33\ConsoleApplication33\Debug\link.11432-cvtres.write.1.tlog
C:\Users\Mober6\Documents\Visual Studio 2012\Projects\ConsoleApplication33\ConsoleApplication33\Debug\link.11432-rc.read.1.tlog
C:\Users\Mober6\Documents\Visual Studio 2012\Projects\ConsoleApplication33\ConsoleApplication33\Debug\link.11432-rc.write.1.tlog
C:\Users\Mober6\Documents\Visual Studio 2012\Projects\ConsoleApplication33\ConsoleApplication33\Debug\link.11432.read.1.tlog
C:\Users\Mober6\Documents\Visual Studio 2012\Projects\ConsoleApplication33\ConsoleApplication33\Debug\link.11432.write.1.tlog
C:\Users\Mober6\Documents\Visual Studio 2012\Projects\ConsoleApplication33\ConsoleApplication33\Debug\link.11684-cvtres.read.1.tlog
C:\Users\Mober6\Documents\Visual Studio 2012\Projects\ConsoleApplication33\ConsoleApplication33\Debug\link.11684-cvtres.write.1.tlog
C:\Users\Mober6\Documents\Visual Studio 2012\Projects\ConsoleApplication33\ConsoleApplication33\Debug\link.11684-rc.read.1.tlog
C:\Users\Mober6\Documents\Visual Studio 2012\Projects\ConsoleApplication33\ConsoleApplication33\Debug\link.11684-rc.write.1.tlog
C:\Users\Mober6\Documents\Visual Studio 2012\Projects\ConsoleApplication33\ConsoleApplication33\Debug\link.11684.read.1.tlog
C:\Users\Mober6\Documents\Visual Studio 2012\Projects\ConsoleApplication33\ConsoleApplication33\Debug\link.11684.write.1.tlog
C:\Users\Mober6\Documents\Visual Studio 2012\Projects\ConsoleApplication33\ConsoleApplication33\Debug\link.12088-cvtres.read.1.tlog
C:\Users\Mober6\Documents\Visual Studio 2012\Projects\ConsoleApplication33\ConsoleApplication33\Debug\link.12088-cvtres.write.1.tlog
C:\Users\Mober6\Documents\Visual Studio 2012\Projects\ConsoleApplication33\ConsoleApplication33\Debug\link.12088-rc.read.1.tlog
C:\Users\Mober6\Documents\Visual Studio 2012\Projects\ConsoleApplication33\ConsoleApplication33\Debug\link.12088-rc.write.1.tlog
C:\Users\Mober6\Documents\Visual Studio 2012\Projects\ConsoleApplication33\ConsoleApplication33\Debug\link.12088.read.1.tlog
C:\Users\Mober6\Documents\Visual Studio 2012\Projects\ConsoleApplication33\ConsoleApplication33\Debug\link.12088.write.1.tlog
C:\Users\Mober6\Documents\Visual Studio 2012\Projects\ConsoleApplication33\ConsoleApplication33\Debug\link.3384-cvtres.read.1.tlog
C:\Users\Mober6\Documents\Visual Studio 2012\Projects\ConsoleApplication33\ConsoleApplication33\Debug\link.3384-cvtres.write.1.tlog
C:\Users\Mober6\Documents\Visual Studio 2012\Projects\ConsoleApplication33\ConsoleApplication33\Debug\link.3384-rc.read.1.tlog
C:\Users\Mober6\Documents\Visual Studio 2012\Projects\ConsoleApplication33\ConsoleApplication33\Debug\link.3384-rc.write.1.tlog
C:\Users\Mober6\Documents\Visual Studio 2012\Projects\ConsoleApplication33\ConsoleApplication33\Debug\link.3384.read.1.tlog
C:\Users\Mober6\Documents\Visual Studio 2012\Projects\ConsoleApplication33\ConsoleApplication33\Debug\link.3384.write.1.tlog
C:\Users\Mober6\Documents\Visual Studio 2012\Projects\ConsoleApplication33\ConsoleApplication33\Debug\link.command.1.tlog
C:\Users\Mober6\Documents\Visual Studio 2012\Projects\ConsoleApplication33\ConsoleApplication33\Debug\link.read.1.tlog
C:\Users\Mober6\Documents\Visual Studio 2012\Projects\ConsoleApplication33\ConsoleApplication33\Debug\link.write.1.tlog
C:\Users\Mober6\Documents\Visual Studio 2012\Projects\ConsoleApplication33\ConsoleApplication33\Debug\vc110.idb
C:\Users\Mober6\Documents\Visual Studio 2012\Projects\ConsoleApplication33\ConsoleApplication33\Debug\vc110.pdb
C:\Users\Mober6\Documents\Visual Studio 2012\Projects\ConsoleApplication33\Debug\ConsoleApplication33.pdb
C:\Users\Mober6\Documents\Visual Studio 2012\Projects\ConsoleApplication33\Debug\ConsoleApplication33.exe
C:\Users\Mober6\Documents\Visual Studio 2012\Projects\ConsoleApplication33\Debug\ConsoleApplication33.ilk
