Build started 8/3/2015 7:37:12 PM.
     1>Project "C:\Users\Mober6\documents\visual studio 2012\Projects\Exceptions\Exceptions\Exceptions.vcxproj" on node 2 (Build target(s)).
     1>ClCompile:
         C:\Program Files (x86)\Microsoft Visual Studio 11.0\VC\bin\CL.exe /c /ZI /nologo /W3 /WX- /Od /Oy- /D WIN32 /D _DEBUG /D _CONSOLE /D _UNICODE /D UNICODE /Gm /EHsc /RTC1 /MDd /GS /fp:precise /Zc:wchar_t /Zc:forScope /Fo"Debug\\" /Fd"Debug\vc110.pdb" /Gd /TP /analyze- /errorReport:prompt client.cpp stack.cpp
         stack.cpp
     1>c:\users\mober6\documents\visual studio 2012\projects\exceptions\exceptions\stack.h(42): warning C4290: C++ exception specification ignored except to indicate a function is not __declspec(nothrow)
                 c:\users\mober6\documents\visual studio 2012\projects\exceptions\exceptions\stack.h(51) : see reference to class template instantiation 'StackSavitch::Stack<T>' being compiled
     1>c:\users\mober6\documents\visual studio 2012\projects\exceptions\exceptions\stack.cpp(120): warning C4290: C++ exception specification ignored except to indicate a function is not __declspec(nothrow)
         client.cpp
     1>c:\users\mober6\documents\visual studio 2012\projects\exceptions\exceptions\stack.h(42): warning C4290: C++ exception specification ignored except to indicate a function is not __declspec(nothrow)
                 c:\users\mober6\documents\visual studio 2012\projects\exceptions\exceptions\stack.h(51) : see reference to class template instantiation 'StackSavitch::Stack<T>' being compiled
     1>c:\users\mober6\documents\visual studio 2012\projects\exceptions\exceptions\stack.cpp(120): warning C4290: C++ exception specification ignored except to indicate a function is not __declspec(nothrow)
         Generating Code...
       Link:
         C:\Program Files (x86)\Microsoft Visual Studio 11.0\VC\bin\link.exe /ERRORREPORT:PROMPT /OUT:"C:\Users\Mober6\documents\visual studio 2012\Projects\Exceptions\Debug\Exceptions.exe" /INCREMENTAL /NOLOGO kernel32.lib user32.lib gdi32.lib winspool.lib comdlg32.lib advapi32.lib shell32.lib ole32.lib oleaut32.lib uuid.lib odbc32.lib odbccp32.lib /MANIFEST /MANIFESTUAC:"level='asInvoker' uiAccess='false'" /manifest:embed /DEBUG /PDB:"C:\Users\Mober6\documents\visual studio 2012\Projects\Exceptions\Debug\Exceptions.pdb" /SUBSYSTEM:CONSOLE /TLBID:1 /DYNAMICBASE /NXCOMPAT /IMPLIB:"C:\Users\Mober6\documents\visual studio 2012\Projects\Exceptions\Debug\Exceptions.lib" /MACHINE:X86 Debug\client.obj
         Debug\stack.obj
         Debug\stdafx.obj
         Exceptions.vcxproj -> C:\Users\Mober6\documents\visual studio 2012\Projects\Exceptions\Debug\Exceptions.exe
     1>Done Building Project "C:\Users\Mober6\documents\visual studio 2012\Projects\Exceptions\Exceptions\Exceptions.vcxproj" (Build target(s)).

Build succeeded.

Time Elapsed 00:00:01.83
