C:\USERS\MOBER6\DOCUMENTS\VISUAL STUDIO 2012\PROJECTS\EXCEPTIONS\EXCEPTIONS\DEBUG\STACK.OBJ
C:\USERS\MOBER6\DOCUMENTS\VISUAL STUDIO 2012\PROJECTS\EXCEPTIONS\EXCEPTIONS\DEBUG\STDAFX.OBJ
C:\USERS\MOBER6\DOCUMENTS\VISUAL STUDIO 2012\PROJECTS\EXCEPTIONS\EXCEPTIONS\DEBUG\VC110.PDB
C:\USERS\MOBER6\DOCUMENTS\VISUAL STUDIO 2012\PROJECTS\EXCEPTIONS\EXCEPTIONS\DEBUG\CLIENT.OBJ
C:\USERS\MOBER6\DOCUMENTS\VISUAL STUDIO 2012\PROJECTS\EXCEPTIONS\DEBUG\EXCEPTIONS.ILK
C:\USERS\MOBER6\DOCUMENTS\VISUAL STUDIO 2012\PROJECTS\EXCEPTIONS\DEBUG\EXCEPTIONS.EXE
C:\USERS\MOBER6\DOCUMENTS\VISUAL STUDIO 2012\PROJECTS\EXCEPTIONS\DEBUG\EXCEPTIONS.PDB
C:\Users\Mober6\documents\visual studio 2012\Projects\Exceptions\Exceptions\Debug\client.obj
C:\Users\Mober6\documents\visual studio 2012\Projects\Exceptions\Exceptions\Debug\stack.obj
C:\Users\Mober6\documents\visual studio 2012\Projects\Exceptions\Exceptions\Debug\stdafx.obj
C:\Users\Mober6\documents\visual studio 2012\Projects\Exceptions\Exceptions\Debug\cl.command.1.tlog
C:\Users\Mober6\documents\visual studio 2012\Projects\Exceptions\Exceptions\Debug\CL.read.1.tlog
C:\Users\Mober6\documents\visual studio 2012\Projects\Exceptions\Exceptions\Debug\CL.write.1.tlog
C:\Users\Mober6\documents\visual studio 2012\Projects\Exceptions\Exceptions\Debug\link-cvtres.read.1.tlog
C:\Users\Mober6\documents\visual studio 2012\Projects\Exceptions\Exceptions\Debug\link-cvtres.write.1.tlog
C:\Users\Mober6\documents\visual studio 2012\Projects\Exceptions\Exceptions\Debug\link-rc.read.1.tlog
C:\Users\Mober6\documents\visual studio 2012\Projects\Exceptions\Exceptions\Debug\link-rc.write.1.tlog
C:\Users\Mober6\documents\visual studio 2012\Projects\Exceptions\Exceptions\Debug\link.command.1.tlog
C:\Users\Mober6\documents\visual studio 2012\Projects\Exceptions\Exceptions\Debug\link.read.1.tlog
C:\Users\Mober6\documents\visual studio 2012\Projects\Exceptions\Exceptions\Debug\link.write.1.tlog
C:\Users\Mober6\documents\visual studio 2012\Projects\Exceptions\Exceptions\Debug\vc110.idb
C:\Users\Mober6\documents\visual studio 2012\Projects\Exceptions\Exceptions\Debug\vc110.pdb
C:\Users\Mober6\documents\visual studio 2012\Projects\Exceptions\Debug\Exceptions.pdb
C:\Users\Mober6\documents\visual studio 2012\Projects\Exceptions\Debug\Exceptions.exe
C:\Users\Mober6\documents\visual studio 2012\Projects\Exceptions\Debug\Exceptions.ilk
