Build started 1/13/2016 11:32:06 PM.
     1>Project "c:\Users\Mober6\documents\visual studio 2012\Projects\a1_2\a1_2\a1_2.vcxproj" on node 2 (Build target(s)).
     1>ClCompile:
         C:\Program Files (x86)\Microsoft Visual Studio 11.0\VC\bin\CL.exe /c /ZI /nologo /W3 /WX- /sdl /Od /Oy- /D WIN32 /D _DEBUG /D _CONSOLE /D _UNICODE /D UNICODE /Gm /EHsc /RTC1 /MDd /GS /fp:precise /Zc:wchar_t /Zc:forScope /Fo"Debug\\" /Fd"Debug\vc110.pdb" /Gd /TP /analyze- /errorReport:prompt a1_2.cpp
         a1_2.cpp
     1>c:\users\mober6\documents\visual studio 2012\projects\a1_2\a1_2\a1_2.cpp(63): warning C4018: '<' : signed/unsigned mismatch
     1>c:\users\mober6\documents\visual studio 2012\projects\a1_2\a1_2\a1_2.cpp(114): warning C4018: '<' : signed/unsigned mismatch
     1>c:\users\mober6\documents\visual studio 2012\projects\a1_2\a1_2\a1_2.cpp(116): warning C4018: '<' : signed/unsigned mismatch
     1>c:\users\mober6\documents\visual studio 2012\projects\a1_2\a1_2\a1_2.cpp(91): warning C4101: 'stopTime' : unreferenced local variable
     1>c:\users\mober6\documents\visual studio 2012\projects\a1_2\a1_2\a1_2.cpp(78): warning C4101: 'numSets' : unreferenced local variable
     1>c:\users\mober6\documents\visual studio 2012\projects\a1_2\a1_2\a1_2.cpp(78): warning C4101: 'k' : unreferenced local variable
     1>c:\users\mober6\documents\visual studio 2012\projects\a1_2\a1_2\a1_2.cpp(79): warning C4101: 'foundPerfect' : unreferenced local variable
     1>c:\users\mober6\documents\visual studio 2012\projects\a1_2\a1_2\a1_2.cpp(78): warning C4101: 'max' : unreferenced local variable
     1>c:\users\mober6\documents\visual studio 2012\projects\a1_2\a1_2\a1_2.cpp(78): warning C4101: 'j' : unreferenced local variable
       Link:
         C:\Program Files (x86)\Microsoft Visual Studio 11.0\VC\bin\link.exe /ERRORREPORT:PROMPT /OUT:"c:\users\mober6\documents\visual studio 2012\Projects\a1_2\Debug\a1_2.exe" /INCREMENTAL /NOLOGO kernel32.lib user32.lib gdi32.lib winspool.lib comdlg32.lib advapi32.lib shell32.lib ole32.lib oleaut32.lib uuid.lib odbc32.lib odbccp32.lib /MANIFEST /MANIFESTUAC:"level='asInvoker' uiAccess='false'" /manifest:embed /DEBUG /PDB:"c:\users\mober6\documents\visual studio 2012\Projects\a1_2\Debug\a1_2.pdb" /SUBSYSTEM:CONSOLE /TLBID:1 /DYNAMICBASE /NXCOMPAT /IMPLIB:"c:\users\mober6\documents\visual studio 2012\Projects\a1_2\Debug\a1_2.lib" /MACHINE:X86 Debug\a1_2.obj
         Debug\iTunes.obj
         Debug\stdafx.obj
         a1_2.vcxproj -> c:\users\mober6\documents\visual studio 2012\Projects\a1_2\Debug\a1_2.exe
     1>Done Building Project "c:\Users\Mober6\documents\visual studio 2012\Projects\a1_2\a1_2\a1_2.vcxproj" (Build target(s)).

Build succeeded.

Time Elapsed 00:00:00.83
