C:\USERS\MOBER6\DOCUMENTS\VISUAL STUDIO 2012\PROJECTS\DYNAMICSTRINGS\DYNAMICSTRINGS\DEBUG\DYNAMICSTRINGS.OBJ
C:\USERS\MOBER6\DOCUMENTS\VISUAL STUDIO 2012\PROJECTS\DYNAMICSTRINGS\DYNAMICSTRINGS\DEBUG\STDAFX.OBJ
C:\USERS\MOBER6\DOCUMENTS\VISUAL STUDIO 2012\PROJECTS\DYNAMICSTRINGS\DYNAMICSTRINGS\DEBUG\VC110.PDB
C:\USERS\MOBER6\DOCUMENTS\VISUAL STUDIO 2012\PROJECTS\DYNAMICSTRINGS\DYNAMICSTRINGS\DEBUG\DYNAMICTEMPLATEARRAY.OBJ
C:\USERS\MOBER6\DOCUMENTS\VISUAL STUDIO 2012\PROJECTS\DYNAMICSTRINGS\DEBUG\DYNAMICSTRINGS.ILK
C:\USERS\MOBER6\DOCUMENTS\VISUAL STUDIO 2012\PROJECTS\DYNAMICSTRINGS\DEBUG\DYNAMICSTRINGS.EXE
C:\USERS\MOBER6\DOCUMENTS\VISUAL STUDIO 2012\PROJECTS\DYNAMICSTRINGS\DEBUG\DYNAMICSTRINGS.PDB
C:\Users\Mober6\Documents\Visual Studio 2012\Projects\Dynamicstrings\Dynamicstrings\Debug\Dynamicstrings.obj
C:\Users\Mober6\Documents\Visual Studio 2012\Projects\Dynamicstrings\Dynamicstrings\Debug\dynamicTemplateArray.obj
C:\Users\Mober6\Documents\Visual Studio 2012\Projects\Dynamicstrings\Dynamicstrings\Debug\stdafx.obj
C:\Users\Mober6\Documents\Visual Studio 2012\Projects\Dynamicstrings\Dynamicstrings\Debug\cl.command.1.tlog
C:\Users\Mober6\Documents\Visual Studio 2012\Projects\Dynamicstrings\Dynamicstrings\Debug\CL.read.1.tlog
C:\Users\Mober6\Documents\Visual Studio 2012\Projects\Dynamicstrings\Dynamicstrings\Debug\CL.write.1.tlog
C:\Users\Mober6\Documents\Visual Studio 2012\Projects\Dynamicstrings\Dynamicstrings\Debug\link-cvtres.read.1.tlog
C:\Users\Mober6\Documents\Visual Studio 2012\Projects\Dynamicstrings\Dynamicstrings\Debug\link-cvtres.write.1.tlog
C:\Users\Mober6\Documents\Visual Studio 2012\Projects\Dynamicstrings\Dynamicstrings\Debug\link-rc.read.1.tlog
C:\Users\Mober6\Documents\Visual Studio 2012\Projects\Dynamicstrings\Dynamicstrings\Debug\link-rc.write.1.tlog
C:\Users\Mober6\Documents\Visual Studio 2012\Projects\Dynamicstrings\Dynamicstrings\Debug\link.command.1.tlog
C:\Users\Mober6\Documents\Visual Studio 2012\Projects\Dynamicstrings\Dynamicstrings\Debug\link.read.1.tlog
C:\Users\Mober6\Documents\Visual Studio 2012\Projects\Dynamicstrings\Dynamicstrings\Debug\link.write.1.tlog
C:\Users\Mober6\Documents\Visual Studio 2012\Projects\Dynamicstrings\Dynamicstrings\Debug\vc110.idb
C:\Users\Mober6\Documents\Visual Studio 2012\Projects\Dynamicstrings\Dynamicstrings\Debug\vc110.pdb
C:\Users\Mober6\Documents\Visual Studio 2012\Projects\Dynamicstrings\Debug\Dynamicstrings.pdb
C:\Users\Mober6\Documents\Visual Studio 2012\Projects\Dynamicstrings\Debug\Dynamicstrings.exe
C:\Users\Mober6\Documents\Visual Studio 2012\Projects\Dynamicstrings\Debug\Dynamicstrings.ilk
