C:\USERS\MOBER6\DOCUMENTS\VISUAL STUDIO 2012\PROJECTS\CONSOLEAPPLICATION34\CONSOLEAPPLICATION34\DEBUG\CONSOLEAPPLICATION34.OBJ
C:\USERS\MOBER6\DOCUMENTS\VISUAL STUDIO 2012\PROJECTS\CONSOLEAPPLICATION34\CONSOLEAPPLICATION34\DEBUG\STDAFX.OBJ
C:\USERS\MOBER6\DOCUMENTS\VISUAL STUDIO 2012\PROJECTS\CONSOLEAPPLICATION34\CONSOLEAPPLICATION34\DEBUG\VC110.PDB
C:\USERS\MOBER6\DOCUMENTS\VISUAL STUDIO 2012\PROJECTS\CONSOLEAPPLICATION34\DEBUG\CONSOLEAPPLICATION34.ILK
C:\USERS\MOBER6\DOCUMENTS\VISUAL STUDIO 2012\PROJECTS\CONSOLEAPPLICATION34\DEBUG\CONSOLEAPPLICATION34.EXE
C:\USERS\MOBER6\DOCUMENTS\VISUAL STUDIO 2012\PROJECTS\CONSOLEAPPLICATION34\DEBUG\CONSOLEAPPLICATION34.PDB
c:\Users\Mober6\documents\visual studio 2012\Projects\ConsoleApplication34\ConsoleApplication34\Debug\ConsoleApplication34.obj
c:\Users\Mober6\documents\visual studio 2012\Projects\ConsoleApplication34\ConsoleApplication34\Debug\stdafx.obj
c:\Users\Mober6\documents\visual studio 2012\Projects\ConsoleApplication34\ConsoleApplication34\Debug\cl.command.1.tlog
c:\Users\Mober6\documents\visual studio 2012\Projects\ConsoleApplication34\ConsoleApplication34\Debug\CL.read.1.tlog
c:\Users\Mober6\documents\visual studio 2012\Projects\ConsoleApplication34\ConsoleApplication34\Debug\CL.write.1.tlog
c:\Users\Mober6\documents\visual studio 2012\Projects\ConsoleApplication34\ConsoleApplication34\Debug\link-cvtres.read.1.tlog
c:\Users\Mober6\documents\visual studio 2012\Projects\ConsoleApplication34\ConsoleApplication34\Debug\link-cvtres.write.1.tlog
c:\Users\Mober6\documents\visual studio 2012\Projects\ConsoleApplication34\ConsoleApplication34\Debug\link-rc.read.1.tlog
c:\Users\Mober6\documents\visual studio 2012\Projects\ConsoleApplication34\ConsoleApplication34\Debug\link-rc.write.1.tlog
c:\Users\Mober6\documents\visual studio 2012\Projects\ConsoleApplication34\ConsoleApplication34\Debug\link.11168-cvtres.read.1.tlog
c:\Users\Mober6\documents\visual studio 2012\Projects\ConsoleApplication34\ConsoleApplication34\Debug\link.11168-cvtres.write.1.tlog
c:\Users\Mober6\documents\visual studio 2012\Projects\ConsoleApplication34\ConsoleApplication34\Debug\link.11168-rc.read.1.tlog
c:\Users\Mober6\documents\visual studio 2012\Projects\ConsoleApplication34\ConsoleApplication34\Debug\link.11168-rc.write.1.tlog
c:\Users\Mober6\documents\visual studio 2012\Projects\ConsoleApplication34\ConsoleApplication34\Debug\link.11168.read.1.tlog
c:\Users\Mober6\documents\visual studio 2012\Projects\ConsoleApplication34\ConsoleApplication34\Debug\link.11168.write.1.tlog
c:\Users\Mober6\documents\visual studio 2012\Projects\ConsoleApplication34\ConsoleApplication34\Debug\link.6808-cvtres.read.1.tlog
c:\Users\Mober6\documents\visual studio 2012\Projects\ConsoleApplication34\ConsoleApplication34\Debug\link.6808-cvtres.write.1.tlog
c:\Users\Mober6\documents\visual studio 2012\Projects\ConsoleApplication34\ConsoleApplication34\Debug\link.6808-rc.read.1.tlog
c:\Users\Mober6\documents\visual studio 2012\Projects\ConsoleApplication34\ConsoleApplication34\Debug\link.6808-rc.write.1.tlog
c:\Users\Mober6\documents\visual studio 2012\Projects\ConsoleApplication34\ConsoleApplication34\Debug\link.6808.read.1.tlog
c:\Users\Mober6\documents\visual studio 2012\Projects\ConsoleApplication34\ConsoleApplication34\Debug\link.6808.write.1.tlog
c:\Users\Mober6\documents\visual studio 2012\Projects\ConsoleApplication34\ConsoleApplication34\Debug\link.7004-cvtres.read.1.tlog
c:\Users\Mober6\documents\visual studio 2012\Projects\ConsoleApplication34\ConsoleApplication34\Debug\link.7004-cvtres.write.1.tlog
c:\Users\Mober6\documents\visual studio 2012\Projects\ConsoleApplication34\ConsoleApplication34\Debug\link.7004-rc.read.1.tlog
c:\Users\Mober6\documents\visual studio 2012\Projects\ConsoleApplication34\ConsoleApplication34\Debug\link.7004-rc.write.1.tlog
c:\Users\Mober6\documents\visual studio 2012\Projects\ConsoleApplication34\ConsoleApplication34\Debug\link.7004.read.1.tlog
c:\Users\Mober6\documents\visual studio 2012\Projects\ConsoleApplication34\ConsoleApplication34\Debug\link.7004.write.1.tlog
c:\Users\Mober6\documents\visual studio 2012\Projects\ConsoleApplication34\ConsoleApplication34\Debug\link.8720-cvtres.read.1.tlog
c:\Users\Mober6\documents\visual studio 2012\Projects\ConsoleApplication34\ConsoleApplication34\Debug\link.8720-cvtres.write.1.tlog
c:\Users\Mober6\documents\visual studio 2012\Projects\ConsoleApplication34\ConsoleApplication34\Debug\link.8720-rc.read.1.tlog
c:\Users\Mober6\documents\visual studio 2012\Projects\ConsoleApplication34\ConsoleApplication34\Debug\link.8720-rc.write.1.tlog
c:\Users\Mober6\documents\visual studio 2012\Projects\ConsoleApplication34\ConsoleApplication34\Debug\link.8720.read.1.tlog
c:\Users\Mober6\documents\visual studio 2012\Projects\ConsoleApplication34\ConsoleApplication34\Debug\link.8720.write.1.tlog
c:\Users\Mober6\documents\visual studio 2012\Projects\ConsoleApplication34\ConsoleApplication34\Debug\link.command.1.tlog
c:\Users\Mober6\documents\visual studio 2012\Projects\ConsoleApplication34\ConsoleApplication34\Debug\link.read.1.tlog
c:\Users\Mober6\documents\visual studio 2012\Projects\ConsoleApplication34\ConsoleApplication34\Debug\link.write.1.tlog
c:\Users\Mober6\documents\visual studio 2012\Projects\ConsoleApplication34\ConsoleApplication34\Debug\vc110.idb
c:\Users\Mober6\documents\visual studio 2012\Projects\ConsoleApplication34\ConsoleApplication34\Debug\vc110.pdb
c:\users\mober6\documents\visual studio 2012\Projects\ConsoleApplication34\Debug\ConsoleApplication34.pdb
c:\users\mober6\documents\visual studio 2012\Projects\ConsoleApplication34\Debug\ConsoleApplication34.exe
c:\users\mober6\documents\visual studio 2012\Projects\ConsoleApplication34\Debug\ConsoleApplication34.ilk
