C:\USERS\MOBER6\DOCUMENTS\VISUAL STUDIO 2012\PROJECTS\CONSOLEAPPLICATION37\CONSOLEAPPLICATION37\DEBUG\CONSOLEAPPLICATION37.OBJ
C:\USERS\MOBER6\DOCUMENTS\VISUAL STUDIO 2012\PROJECTS\CONSOLEAPPLICATION37\CONSOLEAPPLICATION37\DEBUG\MYSTRING.OBJ
C:\USERS\MOBER6\DOCUMENTS\VISUAL STUDIO 2012\PROJECTS\CONSOLEAPPLICATION37\CONSOLEAPPLICATION37\DEBUG\STDAFX.OBJ
C:\USERS\MOBER6\DOCUMENTS\VISUAL STUDIO 2012\PROJECTS\CONSOLEAPPLICATION37\CONSOLEAPPLICATION37\DEBUG\VC110.PDB
C:\USERS\MOBER6\DOCUMENTS\VISUAL STUDIO 2012\PROJECTS\CONSOLEAPPLICATION37\DEBUG\CONSOLEAPPLICATION37.ILK
C:\USERS\MOBER6\DOCUMENTS\VISUAL STUDIO 2012\PROJECTS\CONSOLEAPPLICATION37\DEBUG\CONSOLEAPPLICATION37.EXE
C:\USERS\MOBER6\DOCUMENTS\VISUAL STUDIO 2012\PROJECTS\CONSOLEAPPLICATION37\DEBUG\CONSOLEAPPLICATION37.PDB
c:\Users\Mober6\documents\visual studio 2012\Projects\ConsoleApplication37\ConsoleApplication37\Debug\ConsoleApplication37.obj
c:\Users\Mober6\documents\visual studio 2012\Projects\ConsoleApplication37\ConsoleApplication37\Debug\mystring.obj
c:\Users\Mober6\documents\visual studio 2012\Projects\ConsoleApplication37\ConsoleApplication37\Debug\stdafx.obj
c:\Users\Mober6\documents\visual studio 2012\Projects\ConsoleApplication37\ConsoleApplication37\Debug\cl.command.1.tlog
c:\Users\Mober6\documents\visual studio 2012\Projects\ConsoleApplication37\ConsoleApplication37\Debug\CL.read.1.tlog
c:\Users\Mober6\documents\visual studio 2012\Projects\ConsoleApplication37\ConsoleApplication37\Debug\CL.write.1.tlog
c:\Users\Mober6\documents\visual studio 2012\Projects\ConsoleApplication37\ConsoleApplication37\Debug\link-cvtres.read.1.tlog
c:\Users\Mober6\documents\visual studio 2012\Projects\ConsoleApplication37\ConsoleApplication37\Debug\link-cvtres.write.1.tlog
c:\Users\Mober6\documents\visual studio 2012\Projects\ConsoleApplication37\ConsoleApplication37\Debug\link-rc.read.1.tlog
c:\Users\Mober6\documents\visual studio 2012\Projects\ConsoleApplication37\ConsoleApplication37\Debug\link-rc.write.1.tlog
c:\Users\Mober6\documents\visual studio 2012\Projects\ConsoleApplication37\ConsoleApplication37\Debug\link.command.1.tlog
c:\Users\Mober6\documents\visual studio 2012\Projects\ConsoleApplication37\ConsoleApplication37\Debug\link.read.1.tlog
c:\Users\Mober6\documents\visual studio 2012\Projects\ConsoleApplication37\ConsoleApplication37\Debug\link.write.1.tlog
c:\Users\Mober6\documents\visual studio 2012\Projects\ConsoleApplication37\ConsoleApplication37\Debug\vc110.idb
c:\Users\Mober6\documents\visual studio 2012\Projects\ConsoleApplication37\ConsoleApplication37\Debug\vc110.pdb
c:\users\mober6\documents\visual studio 2012\Projects\ConsoleApplication37\Debug\ConsoleApplication37.pdb
c:\users\mober6\documents\visual studio 2012\Projects\ConsoleApplication37\Debug\ConsoleApplication37.exe
c:\users\mober6\documents\visual studio 2012\Projects\ConsoleApplication37\Debug\ConsoleApplication37.ilk
