C:\USERS\MOBER6\DOCUMENTS\VISUAL STUDIO 2012\PROJECTS\CONSOLEAPPLICATION19\CONSOLEAPPLICATION19\DEBUG\CONSOLEAPPLICATION19.OBJ
C:\USERS\MOBER6\DOCUMENTS\VISUAL STUDIO 2012\PROJECTS\CONSOLEAPPLICATION19\CONSOLEAPPLICATION19\DEBUG\STDAFX.OBJ
C:\USERS\MOBER6\DOCUMENTS\VISUAL STUDIO 2012\PROJECTS\CONSOLEAPPLICATION19\CONSOLEAPPLICATION19\DEBUG\VC110.PDB
C:\USERS\MOBER6\DOCUMENTS\VISUAL STUDIO 2012\PROJECTS\CONSOLEAPPLICATION19\DEBUG\CONSOLEAPPLICATION19.ILK
C:\USERS\MOBER6\DOCUMENTS\VISUAL STUDIO 2012\PROJECTS\CONSOLEAPPLICATION19\DEBUG\CONSOLEAPPLICATION19.EXE
C:\USERS\MOBER6\DOCUMENTS\VISUAL STUDIO 2012\PROJECTS\CONSOLEAPPLICATION19\DEBUG\CONSOLEAPPLICATION19.PDB
C:\Users\Mober6\Documents\Visual Studio 2012\Projects\ConsoleApplication19\ConsoleApplication19\Debug\stdafx.obj
C:\Users\Mober6\Documents\Visual Studio 2012\Projects\ConsoleApplication19\ConsoleApplication19\Debug\cl.command.1.tlog
C:\Users\Mober6\Documents\Visual Studio 2012\Projects\ConsoleApplication19\ConsoleApplication19\Debug\CL.read.1.tlog
C:\Users\Mober6\Documents\Visual Studio 2012\Projects\ConsoleApplication19\ConsoleApplication19\Debug\CL.write.1.tlog
C:\Users\Mober6\Documents\Visual Studio 2012\Projects\ConsoleApplication19\ConsoleApplication19\Debug\link-cvtres.read.1.tlog
C:\Users\Mober6\Documents\Visual Studio 2012\Projects\ConsoleApplication19\ConsoleApplication19\Debug\link-cvtres.write.1.tlog
C:\Users\Mober6\Documents\Visual Studio 2012\Projects\ConsoleApplication19\ConsoleApplication19\Debug\link-rc.read.1.tlog
C:\Users\Mober6\Documents\Visual Studio 2012\Projects\ConsoleApplication19\ConsoleApplication19\Debug\link-rc.write.1.tlog
C:\Users\Mober6\Documents\Visual Studio 2012\Projects\ConsoleApplication19\ConsoleApplication19\Debug\link.13008-cvtres.read.1.tlog
C:\Users\Mober6\Documents\Visual Studio 2012\Projects\ConsoleApplication19\ConsoleApplication19\Debug\link.13008-cvtres.write.1.tlog
C:\Users\Mober6\Documents\Visual Studio 2012\Projects\ConsoleApplication19\ConsoleApplication19\Debug\link.13008-rc.read.1.tlog
C:\Users\Mober6\Documents\Visual Studio 2012\Projects\ConsoleApplication19\ConsoleApplication19\Debug\link.13008-rc.write.1.tlog
C:\Users\Mober6\Documents\Visual Studio 2012\Projects\ConsoleApplication19\ConsoleApplication19\Debug\link.13008.read.1.tlog
C:\Users\Mober6\Documents\Visual Studio 2012\Projects\ConsoleApplication19\ConsoleApplication19\Debug\link.13008.write.1.tlog
C:\Users\Mober6\Documents\Visual Studio 2012\Projects\ConsoleApplication19\ConsoleApplication19\Debug\link.command.1.tlog
C:\Users\Mober6\Documents\Visual Studio 2012\Projects\ConsoleApplication19\ConsoleApplication19\Debug\link.read.1.tlog
C:\Users\Mober6\Documents\Visual Studio 2012\Projects\ConsoleApplication19\ConsoleApplication19\Debug\link.write.1.tlog
C:\Users\Mober6\Documents\Visual Studio 2012\Projects\ConsoleApplication19\ConsoleApplication19\Debug\vc110.idb
C:\Users\Mober6\Documents\Visual Studio 2012\Projects\ConsoleApplication19\ConsoleApplication19\Debug\vc110.pdb
C:\Users\Mober6\Documents\Visual Studio 2012\Projects\ConsoleApplication19\Debug\ConsoleApplication19.pdb
C:\Users\Mober6\Documents\Visual Studio 2012\Projects\ConsoleApplication19\Debug\ConsoleApplication19.exe
C:\Users\Mober6\Documents\Visual Studio 2012\Projects\ConsoleApplication19\Debug\ConsoleApplication19.ilk
