C:\USERS\MOBER6\DOCUMENTS\VISUAL STUDIO 2012\PROJECTS\CONSOLEAPPLICATION21\CONSOLEAPPLICATION21\DEBUG\CONSOLEAPPLICATION21.OBJ
C:\USERS\MOBER6\DOCUMENTS\VISUAL STUDIO 2012\PROJECTS\CONSOLEAPPLICATION21\CONSOLEAPPLICATION21\DEBUG\STDAFX.OBJ
C:\USERS\MOBER6\DOCUMENTS\VISUAL STUDIO 2012\PROJECTS\CONSOLEAPPLICATION21\CONSOLEAPPLICATION21\DEBUG\VC110.PDB
C:\USERS\MOBER6\DOCUMENTS\VISUAL STUDIO 2012\PROJECTS\CONSOLEAPPLICATION21\DEBUG\CONSOLEAPPLICATION21.ILK
C:\USERS\MOBER6\DOCUMENTS\VISUAL STUDIO 2012\PROJECTS\CONSOLEAPPLICATION21\DEBUG\CONSOLEAPPLICATION21.EXE
C:\USERS\MOBER6\DOCUMENTS\VISUAL STUDIO 2012\PROJECTS\CONSOLEAPPLICATION21\DEBUG\CONSOLEAPPLICATION21.PDB
C:\Users\Mober6\documents\visual studio 2012\Projects\ConsoleApplication21\ConsoleApplication21\Debug\ConsoleApplication21.obj
C:\Users\Mober6\documents\visual studio 2012\Projects\ConsoleApplication21\ConsoleApplication21\Debug\stdafx.obj
C:\Users\Mober6\documents\visual studio 2012\Projects\ConsoleApplication21\ConsoleApplication21\Debug\cl.command.1.tlog
C:\Users\Mober6\documents\visual studio 2012\Projects\ConsoleApplication21\ConsoleApplication21\Debug\CL.read.1.tlog
C:\Users\Mober6\documents\visual studio 2012\Projects\ConsoleApplication21\ConsoleApplication21\Debug\CL.write.1.tlog
C:\Users\Mober6\documents\visual studio 2012\Projects\ConsoleApplication21\ConsoleApplication21\Debug\link-cvtres.read.1.tlog
C:\Users\Mober6\documents\visual studio 2012\Projects\ConsoleApplication21\ConsoleApplication21\Debug\link-cvtres.write.1.tlog
C:\Users\Mober6\documents\visual studio 2012\Projects\ConsoleApplication21\ConsoleApplication21\Debug\link-rc.read.1.tlog
C:\Users\Mober6\documents\visual studio 2012\Projects\ConsoleApplication21\ConsoleApplication21\Debug\link-rc.write.1.tlog
C:\Users\Mober6\documents\visual studio 2012\Projects\ConsoleApplication21\ConsoleApplication21\Debug\link.10500-cvtres.read.1.tlog
C:\Users\Mober6\documents\visual studio 2012\Projects\ConsoleApplication21\ConsoleApplication21\Debug\link.10500-cvtres.write.1.tlog
C:\Users\Mober6\documents\visual studio 2012\Projects\ConsoleApplication21\ConsoleApplication21\Debug\link.10500-rc.read.1.tlog
C:\Users\Mober6\documents\visual studio 2012\Projects\ConsoleApplication21\ConsoleApplication21\Debug\link.10500-rc.write.1.tlog
C:\Users\Mober6\documents\visual studio 2012\Projects\ConsoleApplication21\ConsoleApplication21\Debug\link.10500.read.1.tlog
C:\Users\Mober6\documents\visual studio 2012\Projects\ConsoleApplication21\ConsoleApplication21\Debug\link.10500.write.1.tlog
C:\Users\Mober6\documents\visual studio 2012\Projects\ConsoleApplication21\ConsoleApplication21\Debug\link.11244-cvtres.read.1.tlog
C:\Users\Mober6\documents\visual studio 2012\Projects\ConsoleApplication21\ConsoleApplication21\Debug\link.11244-cvtres.write.1.tlog
C:\Users\Mober6\documents\visual studio 2012\Projects\ConsoleApplication21\ConsoleApplication21\Debug\link.11244-rc.read.1.tlog
C:\Users\Mober6\documents\visual studio 2012\Projects\ConsoleApplication21\ConsoleApplication21\Debug\link.11244-rc.write.1.tlog
C:\Users\Mober6\documents\visual studio 2012\Projects\ConsoleApplication21\ConsoleApplication21\Debug\link.11244.read.1.tlog
C:\Users\Mober6\documents\visual studio 2012\Projects\ConsoleApplication21\ConsoleApplication21\Debug\link.11244.write.1.tlog
C:\Users\Mober6\documents\visual studio 2012\Projects\ConsoleApplication21\ConsoleApplication21\Debug\link.4360-cvtres.read.1.tlog
C:\Users\Mober6\documents\visual studio 2012\Projects\ConsoleApplication21\ConsoleApplication21\Debug\link.4360-cvtres.write.1.tlog
C:\Users\Mober6\documents\visual studio 2012\Projects\ConsoleApplication21\ConsoleApplication21\Debug\link.4360-rc.read.1.tlog
C:\Users\Mober6\documents\visual studio 2012\Projects\ConsoleApplication21\ConsoleApplication21\Debug\link.4360-rc.write.1.tlog
C:\Users\Mober6\documents\visual studio 2012\Projects\ConsoleApplication21\ConsoleApplication21\Debug\link.4360.read.1.tlog
C:\Users\Mober6\documents\visual studio 2012\Projects\ConsoleApplication21\ConsoleApplication21\Debug\link.4360.write.1.tlog
C:\Users\Mober6\documents\visual studio 2012\Projects\ConsoleApplication21\ConsoleApplication21\Debug\link.968-cvtres.read.1.tlog
C:\Users\Mober6\documents\visual studio 2012\Projects\ConsoleApplication21\ConsoleApplication21\Debug\link.968-cvtres.write.1.tlog
C:\Users\Mober6\documents\visual studio 2012\Projects\ConsoleApplication21\ConsoleApplication21\Debug\link.968-rc.read.1.tlog
C:\Users\Mober6\documents\visual studio 2012\Projects\ConsoleApplication21\ConsoleApplication21\Debug\link.968-rc.write.1.tlog
C:\Users\Mober6\documents\visual studio 2012\Projects\ConsoleApplication21\ConsoleApplication21\Debug\link.968.read.1.tlog
C:\Users\Mober6\documents\visual studio 2012\Projects\ConsoleApplication21\ConsoleApplication21\Debug\link.968.write.1.tlog
C:\Users\Mober6\documents\visual studio 2012\Projects\ConsoleApplication21\ConsoleApplication21\Debug\link.command.1.tlog
C:\Users\Mober6\documents\visual studio 2012\Projects\ConsoleApplication21\ConsoleApplication21\Debug\link.read.1.tlog
C:\Users\Mober6\documents\visual studio 2012\Projects\ConsoleApplication21\ConsoleApplication21\Debug\link.write.1.tlog
C:\Users\Mober6\documents\visual studio 2012\Projects\ConsoleApplication21\ConsoleApplication21\Debug\vc110.idb
C:\Users\Mober6\documents\visual studio 2012\Projects\ConsoleApplication21\ConsoleApplication21\Debug\vc110.pdb
C:\Users\Mober6\documents\visual studio 2012\Projects\ConsoleApplication21\Debug\ConsoleApplication21.pdb
C:\Users\Mober6\documents\visual studio 2012\Projects\ConsoleApplication21\Debug\ConsoleApplication21.exe
C:\Users\Mober6\documents\visual studio 2012\Projects\ConsoleApplication21\Debug\ConsoleApplication21.ilk
