Build started 2/10/2016 11:04:30 PM.
     1>Project "C:\Users\Mober6\documents\visual studio 2012\Projects\ConsoleApplication44 a5\ConsoleApplication44 a5\ConsoleApplication44 a5.vcxproj" on node 2 (Build target(s)).
     1>ClCompile:
         C:\Program Files (x86)\Microsoft Visual Studio 11.0\VC\bin\CL.exe /c /ZI /nologo /W3 /WX- /sdl /Od /Oy- /D WIN32 /D _DEBUG /D _CONSOLE /D _UNICODE /D UNICODE /Gm /EHsc /RTC1 /MDd /GS /fp:precise /Zc:wchar_t /Zc:forScope /Fo"Debug\\" /Fd"Debug\vc110.pdb" /Gd /TP /analyze- /errorReport:prompt "ConsoleApplication44 a5.cpp"
         ConsoleApplication44 a5.cpp
     1>c:\users\mober6\documents\visual studio 2012\projects\consoleapplication44 a5\consoleapplication44 a5\fhsplaytree.h(178): warning C4172: returning address of local variable or temporary
                 c:\users\mober6\documents\visual studio 2012\projects\consoleapplication44 a5\consoleapplication44 a5\fhsplaytree.h(174) : while compiling class template member function 'const int &FHsplayTree<Comparable>::showRoot(void)'
                 with
                 [
                     Comparable=int
                 ]
                 c:\users\mober6\documents\visual studio 2012\projects\consoleapplication44 a5\consoleapplication44 a5\consoleapplication44 a5.cpp(51) : see reference to function template instantiation 'const int &FHsplayTree<Comparable>::showRoot(void)' being compiled
                 with
                 [
                     Comparable=int
                 ]
                 c:\users\mober6\documents\visual studio 2012\projects\consoleapplication44 a5\consoleapplication44 a5\consoleapplication44 a5.cpp(23) : see reference to class template instantiation 'FHsplayTree<Comparable>' being compiled
                 with
                 [
                     Comparable=int
                 ]
       Link:
         C:\Program Files (x86)\Microsoft Visual Studio 11.0\VC\bin\link.exe /ERRORREPORT:PROMPT /OUT:"C:\Users\Mober6\documents\visual studio 2012\Projects\ConsoleApplication44 a5\Debug\ConsoleApplication44 a5.exe" /INCREMENTAL /NOLOGO kernel32.lib user32.lib gdi32.lib winspool.lib comdlg32.lib advapi32.lib shell32.lib ole32.lib oleaut32.lib uuid.lib odbc32.lib odbccp32.lib /MANIFEST /MANIFESTUAC:"level='asInvoker' uiAccess='false'" /manifest:embed /DEBUG /PDB:"C:\Users\Mober6\documents\visual studio 2012\Projects\ConsoleApplication44 a5\Debug\ConsoleApplication44 a5.pdb" /SUBSYSTEM:CONSOLE /TLBID:1 /DYNAMICBASE /NXCOMPAT /IMPLIB:"C:\Users\Mober6\documents\visual studio 2012\Projects\ConsoleApplication44 a5\Debug\ConsoleApplication44 a5.lib" /MACHINE:X86 "Debug\ConsoleApplication44 a5.obj"
         Debug\stdafx.obj
         ConsoleApplication44 a5.vcxproj -> C:\Users\Mober6\documents\visual studio 2012\Projects\ConsoleApplication44 a5\Debug\ConsoleApplication44 a5.exe
     1>Done Building Project "C:\Users\Mober6\documents\visual studio 2012\Projects\ConsoleApplication44 a5\ConsoleApplication44 a5\ConsoleApplication44 a5.vcxproj" (Build target(s)).

Build succeeded.

Time Elapsed 00:00:00.68
