C:\USERS\MOBER6\DOCUMENTS\VISUAL STUDIO 2012\PROJECTS\CONSOLEAPPLICATION31\CONSOLEAPPLICATION31\DEBUG\CONSOLEAPPLICATION31.OBJ
C:\USERS\MOBER6\DOCUMENTS\VISUAL STUDIO 2012\PROJECTS\CONSOLEAPPLICATION31\CONSOLEAPPLICATION31\DEBUG\STDAFX.OBJ
C:\USERS\MOBER6\DOCUMENTS\VISUAL STUDIO 2012\PROJECTS\CONSOLEAPPLICATION31\CONSOLEAPPLICATION31\DEBUG\VC110.PDB
C:\USERS\MOBER6\DOCUMENTS\VISUAL STUDIO 2012\PROJECTS\CONSOLEAPPLICATION31\DEBUG\CONSOLEAPPLICATION31.ILK
C:\USERS\MOBER6\DOCUMENTS\VISUAL STUDIO 2012\PROJECTS\CONSOLEAPPLICATION31\DEBUG\CONSOLEAPPLICATION31.EXE
C:\USERS\MOBER6\DOCUMENTS\VISUAL STUDIO 2012\PROJECTS\CONSOLEAPPLICATION31\DEBUG\CONSOLEAPPLICATION31.PDB
C:\Users\Mober6\documents\visual studio 2012\Projects\ConsoleApplication31\ConsoleApplication31\Debug\ConsoleApplication31.obj
C:\Users\Mober6\documents\visual studio 2012\Projects\ConsoleApplication31\ConsoleApplication31\Debug\stdafx.obj
C:\Users\Mober6\documents\visual studio 2012\Projects\ConsoleApplication31\ConsoleApplication31\Debug\cl.command.1.tlog
C:\Users\Mober6\documents\visual studio 2012\Projects\ConsoleApplication31\ConsoleApplication31\Debug\CL.read.1.tlog
C:\Users\Mober6\documents\visual studio 2012\Projects\ConsoleApplication31\ConsoleApplication31\Debug\CL.write.1.tlog
C:\Users\Mober6\documents\visual studio 2012\Projects\ConsoleApplication31\ConsoleApplication31\Debug\link-cvtres.read.1.tlog
C:\Users\Mober6\documents\visual studio 2012\Projects\ConsoleApplication31\ConsoleApplication31\Debug\link-cvtres.write.1.tlog
C:\Users\Mober6\documents\visual studio 2012\Projects\ConsoleApplication31\ConsoleApplication31\Debug\link-rc.read.1.tlog
C:\Users\Mober6\documents\visual studio 2012\Projects\ConsoleApplication31\ConsoleApplication31\Debug\link-rc.write.1.tlog
C:\Users\Mober6\documents\visual studio 2012\Projects\ConsoleApplication31\ConsoleApplication31\Debug\link.command.1.tlog
C:\Users\Mober6\documents\visual studio 2012\Projects\ConsoleApplication31\ConsoleApplication31\Debug\link.read.1.tlog
C:\Users\Mober6\documents\visual studio 2012\Projects\ConsoleApplication31\ConsoleApplication31\Debug\link.write.1.tlog
C:\Users\Mober6\documents\visual studio 2012\Projects\ConsoleApplication31\ConsoleApplication31\Debug\vc110.idb
C:\Users\Mober6\documents\visual studio 2012\Projects\ConsoleApplication31\ConsoleApplication31\Debug\vc110.pdb
C:\Users\Mober6\documents\visual studio 2012\Projects\ConsoleApplication31\Debug\ConsoleApplication31.pdb
C:\Users\Mober6\documents\visual studio 2012\Projects\ConsoleApplication31\Debug\ConsoleApplication31.exe
C:\Users\Mober6\documents\visual studio 2012\Projects\ConsoleApplication31\Debug\ConsoleApplication31.ilk
