C:\USERS\MOBER6\DOCUMENTS\VISUAL STUDIO 2012\PROJECTS\CONSOLEAPPLICATION37\CONSOLEAPPLICATION37\RELEASE\STDAFX.OBJ
C:\USERS\MOBER6\DOCUMENTS\VISUAL STUDIO 2012\PROJECTS\CONSOLEAPPLICATION37\CONSOLEAPPLICATION37\RELEASE\MYSTRING.OBJ
C:\USERS\MOBER6\DOCUMENTS\VISUAL STUDIO 2012\PROJECTS\CONSOLEAPPLICATION37\CONSOLEAPPLICATION37\RELEASE\CONSOLEAPPLICATION37.OBJ
C:\USERS\MOBER6\DOCUMENTS\VISUAL STUDIO 2012\PROJECTS\CONSOLEAPPLICATION37\CONSOLEAPPLICATION37\RELEASE\VC110.PDB
C:\USERS\MOBER6\DOCUMENTS\VISUAL STUDIO 2012\PROJECTS\CONSOLEAPPLICATION37\RELEASE\CONSOLEAPPLICATION37.EXE
C:\USERS\MOBER6\DOCUMENTS\VISUAL STUDIO 2012\PROJECTS\CONSOLEAPPLICATION37\RELEASE\CONSOLEAPPLICATION37.PDB
C:\Users\Mober6\Documents\Visual Studio 2012\Projects\ConsoleApplication37\ConsoleApplication37\Release\ConsoleApplication37.obj
C:\Users\Mober6\Documents\Visual Studio 2012\Projects\ConsoleApplication37\ConsoleApplication37\Release\mystring.obj
C:\Users\Mober6\Documents\Visual Studio 2012\Projects\ConsoleApplication37\ConsoleApplication37\Release\stdafx.obj
C:\Users\Mober6\Documents\Visual Studio 2012\Projects\ConsoleApplication37\ConsoleApplication37\Release\cl.command.1.tlog
C:\Users\Mober6\Documents\Visual Studio 2012\Projects\ConsoleApplication37\ConsoleApplication37\Release\CL.read.1.tlog
C:\Users\Mober6\Documents\Visual Studio 2012\Projects\ConsoleApplication37\ConsoleApplication37\Release\CL.write.1.tlog
C:\Users\Mober6\Documents\Visual Studio 2012\Projects\ConsoleApplication37\ConsoleApplication37\Release\link-cvtres.read.1.tlog
C:\Users\Mober6\Documents\Visual Studio 2012\Projects\ConsoleApplication37\ConsoleApplication37\Release\link-cvtres.write.1.tlog
C:\Users\Mober6\Documents\Visual Studio 2012\Projects\ConsoleApplication37\ConsoleApplication37\Release\link-rc.read.1.tlog
C:\Users\Mober6\Documents\Visual Studio 2012\Projects\ConsoleApplication37\ConsoleApplication37\Release\link-rc.write.1.tlog
C:\Users\Mober6\Documents\Visual Studio 2012\Projects\ConsoleApplication37\ConsoleApplication37\Release\link.command.1.tlog
C:\Users\Mober6\Documents\Visual Studio 2012\Projects\ConsoleApplication37\ConsoleApplication37\Release\link.read.1.tlog
C:\Users\Mober6\Documents\Visual Studio 2012\Projects\ConsoleApplication37\ConsoleApplication37\Release\link.read.2.tlog
C:\Users\Mober6\Documents\Visual Studio 2012\Projects\ConsoleApplication37\ConsoleApplication37\Release\link.read.3.tlog
C:\Users\Mober6\Documents\Visual Studio 2012\Projects\ConsoleApplication37\ConsoleApplication37\Release\link.read.4.tlog
C:\Users\Mober6\Documents\Visual Studio 2012\Projects\ConsoleApplication37\ConsoleApplication37\Release\link.read.5.tlog
C:\Users\Mober6\Documents\Visual Studio 2012\Projects\ConsoleApplication37\ConsoleApplication37\Release\link.write.1.tlog
C:\Users\Mober6\Documents\Visual Studio 2012\Projects\ConsoleApplication37\ConsoleApplication37\Release\vc110.pdb
C:\Users\Mober6\Documents\Visual Studio 2012\Projects\ConsoleApplication37\Release\ConsoleApplication37.pdb
C:\Users\Mober6\Documents\Visual Studio 2012\Projects\ConsoleApplication37\Release\ConsoleApplication37.exe
