Build started 7/12/2015 3:28:41 PM.
     1>Project "C:\Users\Mober6\Documents\Visual Studio 2012\Projects\NewString\NewString\NewString.vcxproj" on node 2 (Build target(s)).
     1>ClCompile:
         C:\Program Files (x86)\Microsoft Visual Studio 11.0\VC\bin\CL.exe /c /ZI /nologo /W3 /WX- /Od /Oy- /D WIN32 /D _DEBUG /D _CONSOLE /D _UNICODE /D UNICODE /Gm /EHsc /RTC1 /MDd /GS /fp:precise /Zc:wchar_t /Zc:forScope /Fo"Debug\\" /Fd"Debug\vc110.pdb" /Gd /TP /analyze- /errorReport:prompt main.cpp mystring.cpp
         mystring.cpp
     1>c:\users\mober6\documents\visual studio 2012\projects\newstring\newstring\mystring.cpp(53): warning C4018: '<' : signed/unsigned mismatch
     1>c:\users\mober6\documents\visual studio 2012\projects\newstring\newstring\mystring.cpp(65): warning C4018: '<' : signed/unsigned mismatch
     1>c:\users\mober6\documents\visual studio 2012\projects\newstring\newstring\mystring.cpp(79): warning C4996: 'strcpy': This function or variable may be unsafe. Consider using strcpy_s instead. To disable deprecation, use _CRT_SECURE_NO_WARNINGS. See online help for details.
                 c:\program files (x86)\microsoft visual studio 11.0\vc\include\string.h(110) : see declaration of 'strcpy'
     1>c:\users\mober6\documents\visual studio 2012\projects\newstring\newstring\mystring.cpp(91): warning C4996: 'strcpy': This function or variable may be unsafe. Consider using strcpy_s instead. To disable deprecation, use _CRT_SECURE_NO_WARNINGS. See online help for details.
                 c:\program files (x86)\microsoft visual studio 11.0\vc\include\string.h(110) : see declaration of 'strcpy'
     1>c:\users\mober6\documents\visual studio 2012\projects\newstring\newstring\mystring.cpp(103): warning C4996: 'strcpy': This function or variable may be unsafe. Consider using strcpy_s instead. To disable deprecation, use _CRT_SECURE_NO_WARNINGS. See online help for details.
                 c:\program files (x86)\microsoft visual studio 11.0\vc\include\string.h(110) : see declaration of 'strcpy'
     1>c:\users\mober6\documents\visual studio 2012\projects\newstring\newstring\mystring.cpp(125): warning C4996: 'strcpy': This function or variable may be unsafe. Consider using strcpy_s instead. To disable deprecation, use _CRT_SECURE_NO_WARNINGS. See online help for details.
                 c:\program files (x86)\microsoft visual studio 11.0\vc\include\string.h(110) : see declaration of 'strcpy'
     1>c:\users\mober6\documents\visual studio 2012\projects\newstring\newstring\mystring.cpp(199): warning C4996: 'strcpy': This function or variable may be unsafe. Consider using strcpy_s instead. To disable deprecation, use _CRT_SECURE_NO_WARNINGS. See online help for details.
                 c:\program files (x86)\microsoft visual studio 11.0\vc\include\string.h(110) : see declaration of 'strcpy'
     1>c:\users\mober6\documents\visual studio 2012\projects\newstring\newstring\mystring.cpp(200): warning C4996: 'strcat': This function or variable may be unsafe. Consider using strcat_s instead. To disable deprecation, use _CRT_SECURE_NO_WARNINGS. See online help for details.
                 c:\program files (x86)\microsoft visual studio 11.0\vc\include\string.h(115) : see declaration of 'strcat'
         main.cpp
         Generating Code...
       Link:
         C:\Program Files (x86)\Microsoft Visual Studio 11.0\VC\bin\link.exe /ERRORREPORT:PROMPT /OUT:"C:\Users\Mober6\Documents\Visual Studio 2012\Projects\NewString\Debug\NewString.exe" /INCREMENTAL /NOLOGO kernel32.lib user32.lib gdi32.lib winspool.lib comdlg32.lib advapi32.lib shell32.lib ole32.lib oleaut32.lib uuid.lib odbc32.lib odbccp32.lib /MANIFEST /MANIFESTUAC:"level='asInvoker' uiAccess='false'" /manifest:embed /DEBUG /PDB:"C:\Users\Mober6\Documents\Visual Studio 2012\Projects\NewString\Debug\NewString.pdb" /SUBSYSTEM:CONSOLE /TLBID:1 /DYNAMICBASE /NXCOMPAT /IMPLIB:"C:\Users\Mober6\Documents\Visual Studio 2012\Projects\NewString\Debug\NewString.lib" /MACHINE:X86 Debug\main.obj
         Debug\mystring.obj
         Debug\stdafx.obj
         NewString.vcxproj -> C:\Users\Mober6\Documents\Visual Studio 2012\Projects\NewString\Debug\NewString.exe
     1>Done Building Project "C:\Users\Mober6\Documents\Visual Studio 2012\Projects\NewString\NewString\NewString.vcxproj" (Build target(s)).

Build succeeded.

Time Elapsed 00:00:01.06
