C:\USERS\MOBER6\DOCUMENTS\VISUAL STUDIO 2012\PROJECTS\NEWSTRING\NEWSTRING\DEBUG\MAIN.OBJ
C:\USERS\MOBER6\DOCUMENTS\VISUAL STUDIO 2012\PROJECTS\NEWSTRING\NEWSTRING\DEBUG\MYSTRING.OBJ
C:\USERS\MOBER6\DOCUMENTS\VISUAL STUDIO 2012\PROJECTS\NEWSTRING\NEWSTRING\DEBUG\STDAFX.OBJ
C:\USERS\MOBER6\DOCUMENTS\VISUAL STUDIO 2012\PROJECTS\NEWSTRING\NEWSTRING\DEBUG\VC110.PDB
C:\USERS\MOBER6\DOCUMENTS\VISUAL STUDIO 2012\PROJECTS\NEWSTRING\DEBUG\NEWSTRING.ILK
C:\USERS\MOBER6\DOCUMENTS\VISUAL STUDIO 2012\PROJECTS\NEWSTRING\DEBUG\NEWSTRING.EXE
C:\USERS\MOBER6\DOCUMENTS\VISUAL STUDIO 2012\PROJECTS\NEWSTRING\DEBUG\NEWSTRING.PDB
C:\Users\Mober6\Documents\Visual Studio 2012\Projects\NewString\NewString\Debug\main.obj
C:\Users\Mober6\Documents\Visual Studio 2012\Projects\NewString\NewString\Debug\mystring.obj
C:\Users\Mober6\Documents\Visual Studio 2012\Projects\NewString\NewString\Debug\stdafx.obj
C:\Users\Mober6\Documents\Visual Studio 2012\Projects\NewString\NewString\Debug\cl.command.1.tlog
C:\Users\Mober6\Documents\Visual Studio 2012\Projects\NewString\NewString\Debug\CL.read.1.tlog
C:\Users\Mober6\Documents\Visual Studio 2012\Projects\NewString\NewString\Debug\CL.write.1.tlog
C:\Users\Mober6\Documents\Visual Studio 2012\Projects\NewString\NewString\Debug\link-cvtres.read.1.tlog
C:\Users\Mober6\Documents\Visual Studio 2012\Projects\NewString\NewString\Debug\link-cvtres.write.1.tlog
C:\Users\Mober6\Documents\Visual Studio 2012\Projects\NewString\NewString\Debug\link-rc.read.1.tlog
C:\Users\Mober6\Documents\Visual Studio 2012\Projects\NewString\NewString\Debug\link-rc.write.1.tlog
C:\Users\Mober6\Documents\Visual Studio 2012\Projects\NewString\NewString\Debug\link.command.1.tlog
C:\Users\Mober6\Documents\Visual Studio 2012\Projects\NewString\NewString\Debug\link.read.1.tlog
C:\Users\Mober6\Documents\Visual Studio 2012\Projects\NewString\NewString\Debug\link.write.1.tlog
C:\Users\Mober6\Documents\Visual Studio 2012\Projects\NewString\NewString\Debug\vc110.idb
C:\Users\Mober6\Documents\Visual Studio 2012\Projects\NewString\NewString\Debug\vc110.pdb
C:\Users\Mober6\Documents\Visual Studio 2012\Projects\NewString\Debug\NewString.pdb
C:\Users\Mober6\Documents\Visual Studio 2012\Projects\NewString\Debug\NewString.exe
C:\Users\Mober6\Documents\Visual Studio 2012\Projects\NewString\Debug\NewString.ilk
