C:\USERS\MOBER6\DOCUMENTS\VISUAL STUDIO 2012\PROJECTS\CONSOLEAPPLICATION24\CONSOLEAPPLICATION24\DEBUG\STDAFX.OBJ
C:\USERS\MOBER6\DOCUMENTS\VISUAL STUDIO 2012\PROJECTS\CONSOLEAPPLICATION24\CONSOLEAPPLICATION24\DEBUG\VC110.PDB
C:\USERS\MOBER6\DOCUMENTS\VISUAL STUDIO 2012\PROJECTS\CONSOLEAPPLICATION24\CONSOLEAPPLICATION24\DEBUG\CONSOLEAPPLICATION24.OBJ
C:\USERS\MOBER6\DOCUMENTS\VISUAL STUDIO 2012\PROJECTS\CONSOLEAPPLICATION24\DEBUG\CONSOLEAPPLICATION24.ILK
C:\USERS\MOBER6\DOCUMENTS\VISUAL STUDIO 2012\PROJECTS\CONSOLEAPPLICATION24\DEBUG\CONSOLEAPPLICATION24.EXE
C:\USERS\MOBER6\DOCUMENTS\VISUAL STUDIO 2012\PROJECTS\CONSOLEAPPLICATION24\DEBUG\CONSOLEAPPLICATION24.PDB
C:\Users\Mober6\documents\visual studio 2012\Projects\ConsoleApplication24\ConsoleApplication24\Debug\ConsoleApplication24.obj
C:\Users\Mober6\documents\visual studio 2012\Projects\ConsoleApplication24\ConsoleApplication24\Debug\stdafx.obj
C:\Users\Mober6\documents\visual studio 2012\Projects\ConsoleApplication24\ConsoleApplication24\Debug\cl.command.1.tlog
C:\Users\Mober6\documents\visual studio 2012\Projects\ConsoleApplication24\ConsoleApplication24\Debug\CL.read.1.tlog
C:\Users\Mober6\documents\visual studio 2012\Projects\ConsoleApplication24\ConsoleApplication24\Debug\CL.write.1.tlog
C:\Users\Mober6\documents\visual studio 2012\Projects\ConsoleApplication24\ConsoleApplication24\Debug\link-cvtres.read.1.tlog
C:\Users\Mober6\documents\visual studio 2012\Projects\ConsoleApplication24\ConsoleApplication24\Debug\link-cvtres.write.1.tlog
C:\Users\Mober6\documents\visual studio 2012\Projects\ConsoleApplication24\ConsoleApplication24\Debug\link-rc.read.1.tlog
C:\Users\Mober6\documents\visual studio 2012\Projects\ConsoleApplication24\ConsoleApplication24\Debug\link-rc.write.1.tlog
C:\Users\Mober6\documents\visual studio 2012\Projects\ConsoleApplication24\ConsoleApplication24\Debug\link.12568-cvtres.read.1.tlog
C:\Users\Mober6\documents\visual studio 2012\Projects\ConsoleApplication24\ConsoleApplication24\Debug\link.12568-cvtres.write.1.tlog
C:\Users\Mober6\documents\visual studio 2012\Projects\ConsoleApplication24\ConsoleApplication24\Debug\link.12568-rc.read.1.tlog
C:\Users\Mober6\documents\visual studio 2012\Projects\ConsoleApplication24\ConsoleApplication24\Debug\link.12568-rc.write.1.tlog
C:\Users\Mober6\documents\visual studio 2012\Projects\ConsoleApplication24\ConsoleApplication24\Debug\link.12568.read.1.tlog
C:\Users\Mober6\documents\visual studio 2012\Projects\ConsoleApplication24\ConsoleApplication24\Debug\link.12568.write.1.tlog
C:\Users\Mober6\documents\visual studio 2012\Projects\ConsoleApplication24\ConsoleApplication24\Debug\link.command.1.tlog
C:\Users\Mober6\documents\visual studio 2012\Projects\ConsoleApplication24\ConsoleApplication24\Debug\link.read.1.tlog
C:\Users\Mober6\documents\visual studio 2012\Projects\ConsoleApplication24\ConsoleApplication24\Debug\link.write.1.tlog
C:\Users\Mober6\documents\visual studio 2012\Projects\ConsoleApplication24\ConsoleApplication24\Debug\vc110.idb
C:\Users\Mober6\documents\visual studio 2012\Projects\ConsoleApplication24\ConsoleApplication24\Debug\vc110.pdb
C:\Users\Mober6\documents\visual studio 2012\Projects\ConsoleApplication24\Debug\ConsoleApplication24.pdb
C:\Users\Mober6\documents\visual studio 2012\Projects\ConsoleApplication24\Debug\ConsoleApplication24.exe
C:\Users\Mober6\documents\visual studio 2012\Projects\ConsoleApplication24\Debug\ConsoleApplication24.ilk
