C:\USERS\MOBER6\DOCUMENTS\VISUAL STUDIO 2012\PROJECTS\CONSOLEAPPLICATION29\CONSOLEAPPLICATION29\DEBUG\STDAFX.OBJ
C:\USERS\MOBER6\DOCUMENTS\VISUAL STUDIO 2012\PROJECTS\CONSOLEAPPLICATION29\CONSOLEAPPLICATION29\DEBUG\VC110.PDB
C:\USERS\MOBER6\DOCUMENTS\VISUAL STUDIO 2012\PROJECTS\CONSOLEAPPLICATION29\CONSOLEAPPLICATION29\DEBUG\CONSOLEAPPLICATION29.OBJ
C:\USERS\MOBER6\DOCUMENTS\VISUAL STUDIO 2012\PROJECTS\CONSOLEAPPLICATION29\DEBUG\CONSOLEAPPLICATION29.ILK
C:\USERS\MOBER6\DOCUMENTS\VISUAL STUDIO 2012\PROJECTS\CONSOLEAPPLICATION29\DEBUG\CONSOLEAPPLICATION29.EXE
C:\USERS\MOBER6\DOCUMENTS\VISUAL STUDIO 2012\PROJECTS\CONSOLEAPPLICATION29\DEBUG\CONSOLEAPPLICATION29.PDB
C:\Users\Mober6\Documents\Visual Studio 2012\Projects\ConsoleApplication29\ConsoleApplication29\Debug\ConsoleApplication29.obj
C:\Users\Mober6\Documents\Visual Studio 2012\Projects\ConsoleApplication29\ConsoleApplication29\Debug\stdafx.obj
C:\Users\Mober6\Documents\Visual Studio 2012\Projects\ConsoleApplication29\ConsoleApplication29\Debug\cl.command.1.tlog
C:\Users\Mober6\Documents\Visual Studio 2012\Projects\ConsoleApplication29\ConsoleApplication29\Debug\CL.read.1.tlog
C:\Users\Mober6\Documents\Visual Studio 2012\Projects\ConsoleApplication29\ConsoleApplication29\Debug\CL.write.1.tlog
C:\Users\Mober6\Documents\Visual Studio 2012\Projects\ConsoleApplication29\ConsoleApplication29\Debug\link-cvtres.read.1.tlog
C:\Users\Mober6\Documents\Visual Studio 2012\Projects\ConsoleApplication29\ConsoleApplication29\Debug\link-cvtres.write.1.tlog
C:\Users\Mober6\Documents\Visual Studio 2012\Projects\ConsoleApplication29\ConsoleApplication29\Debug\link-rc.read.1.tlog
C:\Users\Mober6\Documents\Visual Studio 2012\Projects\ConsoleApplication29\ConsoleApplication29\Debug\link-rc.write.1.tlog
C:\Users\Mober6\Documents\Visual Studio 2012\Projects\ConsoleApplication29\ConsoleApplication29\Debug\link.command.1.tlog
C:\Users\Mober6\Documents\Visual Studio 2012\Projects\ConsoleApplication29\ConsoleApplication29\Debug\link.read.1.tlog
C:\Users\Mober6\Documents\Visual Studio 2012\Projects\ConsoleApplication29\ConsoleApplication29\Debug\link.write.1.tlog
C:\Users\Mober6\Documents\Visual Studio 2012\Projects\ConsoleApplication29\ConsoleApplication29\Debug\vc110.idb
C:\Users\Mober6\Documents\Visual Studio 2012\Projects\ConsoleApplication29\ConsoleApplication29\Debug\vc110.pdb
C:\Users\Mober6\Documents\Visual Studio 2012\Projects\ConsoleApplication29\Debug\ConsoleApplication29.pdb
C:\Users\Mober6\Documents\Visual Studio 2012\Projects\ConsoleApplication29\Debug\ConsoleApplication29.exe
C:\Users\Mober6\Documents\Visual Studio 2012\Projects\ConsoleApplication29\Debug\ConsoleApplication29.ilk
