C:\USERS\MOBER6\DOCUMENTS\VISUAL STUDIO 2012\PROJECTS\CONSOLEAPPLICATION41\CONSOLEAPPLICATION41\DEBUG\CONSOLEAPPLICATION41.OBJ
C:\USERS\MOBER6\DOCUMENTS\VISUAL STUDIO 2012\PROJECTS\CONSOLEAPPLICATION41\CONSOLEAPPLICATION41\DEBUG\STDAFX.OBJ
C:\USERS\MOBER6\DOCUMENTS\VISUAL STUDIO 2012\PROJECTS\CONSOLEAPPLICATION41\CONSOLEAPPLICATION41\DEBUG\VC110.PDB
C:\USERS\MOBER6\DOCUMENTS\VISUAL STUDIO 2012\PROJECTS\CONSOLEAPPLICATION41\DEBUG\CONSOLEAPPLICATION41.ILK
C:\USERS\MOBER6\DOCUMENTS\VISUAL STUDIO 2012\PROJECTS\CONSOLEAPPLICATION41\DEBUG\CONSOLEAPPLICATION41.EXE
C:\USERS\MOBER6\DOCUMENTS\VISUAL STUDIO 2012\PROJECTS\CONSOLEAPPLICATION41\DEBUG\CONSOLEAPPLICATION41.PDB
C:\Users\Mober6\documents\visual studio 2012\Projects\ConsoleApplication41\ConsoleApplication41\Debug\ConsoleApplication41.obj
C:\Users\Mober6\documents\visual studio 2012\Projects\ConsoleApplication41\ConsoleApplication41\Debug\stdafx.obj
C:\Users\Mober6\documents\visual studio 2012\Projects\ConsoleApplication41\ConsoleApplication41\Debug\cl.command.1.tlog
C:\Users\Mober6\documents\visual studio 2012\Projects\ConsoleApplication41\ConsoleApplication41\Debug\CL.read.1.tlog
C:\Users\Mober6\documents\visual studio 2012\Projects\ConsoleApplication41\ConsoleApplication41\Debug\CL.write.1.tlog
C:\Users\Mober6\documents\visual studio 2012\Projects\ConsoleApplication41\ConsoleApplication41\Debug\link-cvtres.read.1.tlog
C:\Users\Mober6\documents\visual studio 2012\Projects\ConsoleApplication41\ConsoleApplication41\Debug\link-cvtres.write.1.tlog
C:\Users\Mober6\documents\visual studio 2012\Projects\ConsoleApplication41\ConsoleApplication41\Debug\link-rc.read.1.tlog
C:\Users\Mober6\documents\visual studio 2012\Projects\ConsoleApplication41\ConsoleApplication41\Debug\link-rc.write.1.tlog
C:\Users\Mober6\documents\visual studio 2012\Projects\ConsoleApplication41\ConsoleApplication41\Debug\link.command.1.tlog
C:\Users\Mober6\documents\visual studio 2012\Projects\ConsoleApplication41\ConsoleApplication41\Debug\link.read.1.tlog
C:\Users\Mober6\documents\visual studio 2012\Projects\ConsoleApplication41\ConsoleApplication41\Debug\link.write.1.tlog
C:\Users\Mober6\documents\visual studio 2012\Projects\ConsoleApplication41\ConsoleApplication41\Debug\vc110.idb
C:\Users\Mober6\documents\visual studio 2012\Projects\ConsoleApplication41\ConsoleApplication41\Debug\vc110.pdb
C:\Users\Mober6\documents\visual studio 2012\Projects\ConsoleApplication41\Debug\ConsoleApplication41.pdb
C:\Users\Mober6\documents\visual studio 2012\Projects\ConsoleApplication41\Debug\ConsoleApplication41.exe
C:\Users\Mober6\documents\visual studio 2012\Projects\ConsoleApplication41\Debug\ConsoleApplication41.ilk
