C:\USERS\MOBER6\DOCUMENTS\VISUAL STUDIO 2012\PROJECTS\CONSOLEAPPLICATION27\CONSOLEAPPLICATION27\DEBUG\STDAFX.OBJ
C:\USERS\MOBER6\DOCUMENTS\VISUAL STUDIO 2012\PROJECTS\CONSOLEAPPLICATION27\CONSOLEAPPLICATION27\DEBUG\VC110.PDB
C:\USERS\MOBER6\DOCUMENTS\VISUAL STUDIO 2012\PROJECTS\CONSOLEAPPLICATION27\CONSOLEAPPLICATION27\DEBUG\CONSOLEAPPLICATION27.OBJ
C:\USERS\MOBER6\DOCUMENTS\VISUAL STUDIO 2012\PROJECTS\CONSOLEAPPLICATION27\DEBUG\CONSOLEAPPLICATION27.ILK
C:\USERS\MOBER6\DOCUMENTS\VISUAL STUDIO 2012\PROJECTS\CONSOLEAPPLICATION27\DEBUG\CONSOLEAPPLICATION27.EXE
C:\USERS\MOBER6\DOCUMENTS\VISUAL STUDIO 2012\PROJECTS\CONSOLEAPPLICATION27\DEBUG\CONSOLEAPPLICATION27.PDB
C:\Users\Mober6\documents\visual studio 2012\Projects\ConsoleApplication27\ConsoleApplication27\Debug\ConsoleApplication27.obj
C:\Users\Mober6\documents\visual studio 2012\Projects\ConsoleApplication27\ConsoleApplication27\Debug\stdafx.obj
C:\Users\Mober6\documents\visual studio 2012\Projects\ConsoleApplication27\ConsoleApplication27\Debug\cl.command.1.tlog
C:\Users\Mober6\documents\visual studio 2012\Projects\ConsoleApplication27\ConsoleApplication27\Debug\CL.read.1.tlog
C:\Users\Mober6\documents\visual studio 2012\Projects\ConsoleApplication27\ConsoleApplication27\Debug\CL.write.1.tlog
C:\Users\Mober6\documents\visual studio 2012\Projects\ConsoleApplication27\ConsoleApplication27\Debug\link-cvtres.read.1.tlog
C:\Users\Mober6\documents\visual studio 2012\Projects\ConsoleApplication27\ConsoleApplication27\Debug\link-cvtres.write.1.tlog
C:\Users\Mober6\documents\visual studio 2012\Projects\ConsoleApplication27\ConsoleApplication27\Debug\link-rc.read.1.tlog
C:\Users\Mober6\documents\visual studio 2012\Projects\ConsoleApplication27\ConsoleApplication27\Debug\link-rc.write.1.tlog
C:\Users\Mober6\documents\visual studio 2012\Projects\ConsoleApplication27\ConsoleApplication27\Debug\link.6472-cvtres.read.1.tlog
C:\Users\Mober6\documents\visual studio 2012\Projects\ConsoleApplication27\ConsoleApplication27\Debug\link.6472-cvtres.write.1.tlog
C:\Users\Mober6\documents\visual studio 2012\Projects\ConsoleApplication27\ConsoleApplication27\Debug\link.6472-rc.read.1.tlog
C:\Users\Mober6\documents\visual studio 2012\Projects\ConsoleApplication27\ConsoleApplication27\Debug\link.6472-rc.write.1.tlog
C:\Users\Mober6\documents\visual studio 2012\Projects\ConsoleApplication27\ConsoleApplication27\Debug\link.6472.read.1.tlog
C:\Users\Mober6\documents\visual studio 2012\Projects\ConsoleApplication27\ConsoleApplication27\Debug\link.6472.write.1.tlog
C:\Users\Mober6\documents\visual studio 2012\Projects\ConsoleApplication27\ConsoleApplication27\Debug\link.command.1.tlog
C:\Users\Mober6\documents\visual studio 2012\Projects\ConsoleApplication27\ConsoleApplication27\Debug\link.read.1.tlog
C:\Users\Mober6\documents\visual studio 2012\Projects\ConsoleApplication27\ConsoleApplication27\Debug\link.write.1.tlog
C:\Users\Mober6\documents\visual studio 2012\Projects\ConsoleApplication27\ConsoleApplication27\Debug\vc110.idb
C:\Users\Mober6\documents\visual studio 2012\Projects\ConsoleApplication27\ConsoleApplication27\Debug\vc110.pdb
C:\Users\Mober6\documents\visual studio 2012\Projects\ConsoleApplication27\Debug\ConsoleApplication27.pdb
C:\Users\Mober6\documents\visual studio 2012\Projects\ConsoleApplication27\Debug\ConsoleApplication27.exe
C:\Users\Mober6\documents\visual studio 2012\Projects\ConsoleApplication27\Debug\ConsoleApplication27.ilk
