C:\USERS\MOBER6\DOCUMENTS\VISUAL STUDIO 2012\PROJECTS\CONSOLEAPPLICATION16\CONSOLEAPPLICATION16\DEBUG\CONSOLEAPPLICATION16.OBJ
C:\USERS\MOBER6\DOCUMENTS\VISUAL STUDIO 2012\PROJECTS\CONSOLEAPPLICATION16\CONSOLEAPPLICATION16\DEBUG\STDAFX.OBJ
C:\USERS\MOBER6\DOCUMENTS\VISUAL STUDIO 2012\PROJECTS\CONSOLEAPPLICATION16\CONSOLEAPPLICATION16\DEBUG\VC110.PDB
C:\USERS\MOBER6\DOCUMENTS\VISUAL STUDIO 2012\PROJECTS\CONSOLEAPPLICATION16\DEBUG\CONSOLEAPPLICATION16.ILK
C:\USERS\MOBER6\DOCUMENTS\VISUAL STUDIO 2012\PROJECTS\CONSOLEAPPLICATION16\DEBUG\CONSOLEAPPLICATION16.EXE
C:\USERS\MOBER6\DOCUMENTS\VISUAL STUDIO 2012\PROJECTS\CONSOLEAPPLICATION16\DEBUG\CONSOLEAPPLICATION16.PDB
c:\Users\Mober6\documents\visual studio 2012\Projects\ConsoleApplication16\ConsoleApplication16\Debug\ConsoleApplication16.obj
c:\Users\Mober6\documents\visual studio 2012\Projects\ConsoleApplication16\ConsoleApplication16\Debug\stdafx.obj
c:\Users\Mober6\documents\visual studio 2012\Projects\ConsoleApplication16\ConsoleApplication16\Debug\cl.command.1.tlog
c:\Users\Mober6\documents\visual studio 2012\Projects\ConsoleApplication16\ConsoleApplication16\Debug\CL.read.1.tlog
c:\Users\Mober6\documents\visual studio 2012\Projects\ConsoleApplication16\ConsoleApplication16\Debug\CL.write.1.tlog
c:\Users\Mober6\documents\visual studio 2012\Projects\ConsoleApplication16\ConsoleApplication16\Debug\link-cvtres.read.1.tlog
c:\Users\Mober6\documents\visual studio 2012\Projects\ConsoleApplication16\ConsoleApplication16\Debug\link-cvtres.write.1.tlog
c:\Users\Mober6\documents\visual studio 2012\Projects\ConsoleApplication16\ConsoleApplication16\Debug\link-rc.read.1.tlog
c:\Users\Mober6\documents\visual studio 2012\Projects\ConsoleApplication16\ConsoleApplication16\Debug\link-rc.write.1.tlog
c:\Users\Mober6\documents\visual studio 2012\Projects\ConsoleApplication16\ConsoleApplication16\Debug\link.command.1.tlog
c:\Users\Mober6\documents\visual studio 2012\Projects\ConsoleApplication16\ConsoleApplication16\Debug\link.read.1.tlog
c:\Users\Mober6\documents\visual studio 2012\Projects\ConsoleApplication16\ConsoleApplication16\Debug\link.write.1.tlog
c:\Users\Mober6\documents\visual studio 2012\Projects\ConsoleApplication16\ConsoleApplication16\Debug\vc110.idb
c:\Users\Mober6\documents\visual studio 2012\Projects\ConsoleApplication16\ConsoleApplication16\Debug\vc110.pdb
c:\users\mober6\documents\visual studio 2012\Projects\ConsoleApplication16\Debug\ConsoleApplication16.pdb
c:\users\mober6\documents\visual studio 2012\Projects\ConsoleApplication16\Debug\ConsoleApplication16.exe
c:\users\mober6\documents\visual studio 2012\Projects\ConsoleApplication16\Debug\ConsoleApplication16.ilk
