C:\USERS\MOBER6\DOCUMENTS\VISUAL STUDIO 2012\PROJECTS\CONSOLEAPPLICATION36\CONSOLEAPPLICATION36\DEBUG\CONSOLEAPPLICATION36.OBJ
C:\USERS\MOBER6\DOCUMENTS\VISUAL STUDIO 2012\PROJECTS\CONSOLEAPPLICATION36\CONSOLEAPPLICATION36\DEBUG\MYSTRING.OBJ
C:\USERS\MOBER6\DOCUMENTS\VISUAL STUDIO 2012\PROJECTS\CONSOLEAPPLICATION36\CONSOLEAPPLICATION36\DEBUG\STDAFX.OBJ
C:\USERS\MOBER6\DOCUMENTS\VISUAL STUDIO 2012\PROJECTS\CONSOLEAPPLICATION36\CONSOLEAPPLICATION36\DEBUG\VC110.PDB
C:\USERS\MOBER6\DOCUMENTS\VISUAL STUDIO 2012\PROJECTS\CONSOLEAPPLICATION36\DEBUG\CONSOLEAPPLICATION36.ILK
C:\USERS\MOBER6\DOCUMENTS\VISUAL STUDIO 2012\PROJECTS\CONSOLEAPPLICATION36\DEBUG\CONSOLEAPPLICATION36.EXE
C:\USERS\MOBER6\DOCUMENTS\VISUAL STUDIO 2012\PROJECTS\CONSOLEAPPLICATION36\DEBUG\CONSOLEAPPLICATION36.PDB
C:\Users\Mober6\Documents\Visual Studio 2012\Projects\ConsoleApplication36\ConsoleApplication36\Debug\ConsoleApplication36.obj
C:\Users\Mober6\Documents\Visual Studio 2012\Projects\ConsoleApplication36\ConsoleApplication36\Debug\mystring.obj
C:\Users\Mober6\Documents\Visual Studio 2012\Projects\ConsoleApplication36\ConsoleApplication36\Debug\stdafx.obj
C:\Users\Mober6\Documents\Visual Studio 2012\Projects\ConsoleApplication36\ConsoleApplication36\Debug\cl.command.1.tlog
C:\Users\Mober6\Documents\Visual Studio 2012\Projects\ConsoleApplication36\ConsoleApplication36\Debug\CL.read.1.tlog
C:\Users\Mober6\Documents\Visual Studio 2012\Projects\ConsoleApplication36\ConsoleApplication36\Debug\CL.write.1.tlog
C:\Users\Mober6\Documents\Visual Studio 2012\Projects\ConsoleApplication36\ConsoleApplication36\Debug\link-cvtres.read.1.tlog
C:\Users\Mober6\Documents\Visual Studio 2012\Projects\ConsoleApplication36\ConsoleApplication36\Debug\link-cvtres.write.1.tlog
C:\Users\Mober6\Documents\Visual Studio 2012\Projects\ConsoleApplication36\ConsoleApplication36\Debug\link-rc.read.1.tlog
C:\Users\Mober6\Documents\Visual Studio 2012\Projects\ConsoleApplication36\ConsoleApplication36\Debug\link-rc.write.1.tlog
C:\Users\Mober6\Documents\Visual Studio 2012\Projects\ConsoleApplication36\ConsoleApplication36\Debug\link.2532-cvtres.read.1.tlog
C:\Users\Mober6\Documents\Visual Studio 2012\Projects\ConsoleApplication36\ConsoleApplication36\Debug\link.2532-cvtres.write.1.tlog
C:\Users\Mober6\Documents\Visual Studio 2012\Projects\ConsoleApplication36\ConsoleApplication36\Debug\link.2532-rc.read.1.tlog
C:\Users\Mober6\Documents\Visual Studio 2012\Projects\ConsoleApplication36\ConsoleApplication36\Debug\link.2532-rc.write.1.tlog
C:\Users\Mober6\Documents\Visual Studio 2012\Projects\ConsoleApplication36\ConsoleApplication36\Debug\link.2532.read.1.tlog
C:\Users\Mober6\Documents\Visual Studio 2012\Projects\ConsoleApplication36\ConsoleApplication36\Debug\link.2532.write.1.tlog
C:\Users\Mober6\Documents\Visual Studio 2012\Projects\ConsoleApplication36\ConsoleApplication36\Debug\link.command.1.tlog
C:\Users\Mober6\Documents\Visual Studio 2012\Projects\ConsoleApplication36\ConsoleApplication36\Debug\link.read.1.tlog
C:\Users\Mober6\Documents\Visual Studio 2012\Projects\ConsoleApplication36\ConsoleApplication36\Debug\link.write.1.tlog
C:\Users\Mober6\Documents\Visual Studio 2012\Projects\ConsoleApplication36\ConsoleApplication36\Debug\vc110.idb
C:\Users\Mober6\Documents\Visual Studio 2012\Projects\ConsoleApplication36\ConsoleApplication36\Debug\vc110.pdb
C:\Users\Mober6\Documents\Visual Studio 2012\Projects\ConsoleApplication36\Debug\ConsoleApplication36.pdb
C:\Users\Mober6\Documents\Visual Studio 2012\Projects\ConsoleApplication36\Debug\ConsoleApplication36.exe
C:\Users\Mober6\Documents\Visual Studio 2012\Projects\ConsoleApplication36\Debug\ConsoleApplication36.ilk
