C:\USERS\MOBER6\DOCUMENTS\VISUAL STUDIO 2012\PROJECTS\CONSOLEAPPLICATION43\CONSOLEAPPLICATION43\DEBUG\CONSOLEAPPLICATION43.OBJ
C:\USERS\MOBER6\DOCUMENTS\VISUAL STUDIO 2012\PROJECTS\CONSOLEAPPLICATION43\CONSOLEAPPLICATION43\DEBUG\STDAFX.OBJ
C:\USERS\MOBER6\DOCUMENTS\VISUAL STUDIO 2012\PROJECTS\CONSOLEAPPLICATION43\CONSOLEAPPLICATION43\DEBUG\VC110.PDB
C:\USERS\MOBER6\DOCUMENTS\VISUAL STUDIO 2012\PROJECTS\CONSOLEAPPLICATION43\DEBUG\CONSOLEAPPLICATION43.ILK
C:\USERS\MOBER6\DOCUMENTS\VISUAL STUDIO 2012\PROJECTS\CONSOLEAPPLICATION43\DEBUG\CONSOLEAPPLICATION43.EXE
C:\USERS\MOBER6\DOCUMENTS\VISUAL STUDIO 2012\PROJECTS\CONSOLEAPPLICATION43\DEBUG\CONSOLEAPPLICATION43.PDB
c:\Users\Mober6\documents\visual studio 2012\Projects\ConsoleApplication43\ConsoleApplication43\Debug\ConsoleApplication43.obj
c:\Users\Mober6\documents\visual studio 2012\Projects\ConsoleApplication43\ConsoleApplication43\Debug\stdafx.obj
c:\Users\Mober6\documents\visual studio 2012\Projects\ConsoleApplication43\ConsoleApplication43\Debug\cl.command.1.tlog
c:\Users\Mober6\documents\visual studio 2012\Projects\ConsoleApplication43\ConsoleApplication43\Debug\CL.read.1.tlog
c:\Users\Mober6\documents\visual studio 2012\Projects\ConsoleApplication43\ConsoleApplication43\Debug\CL.write.1.tlog
c:\Users\Mober6\documents\visual studio 2012\Projects\ConsoleApplication43\ConsoleApplication43\Debug\link-cvtres.read.1.tlog
c:\Users\Mober6\documents\visual studio 2012\Projects\ConsoleApplication43\ConsoleApplication43\Debug\link-cvtres.write.1.tlog
c:\Users\Mober6\documents\visual studio 2012\Projects\ConsoleApplication43\ConsoleApplication43\Debug\link-rc.read.1.tlog
c:\Users\Mober6\documents\visual studio 2012\Projects\ConsoleApplication43\ConsoleApplication43\Debug\link-rc.write.1.tlog
c:\Users\Mober6\documents\visual studio 2012\Projects\ConsoleApplication43\ConsoleApplication43\Debug\link.9792-cvtres.read.1.tlog
c:\Users\Mober6\documents\visual studio 2012\Projects\ConsoleApplication43\ConsoleApplication43\Debug\link.9792-cvtres.write.1.tlog
c:\Users\Mober6\documents\visual studio 2012\Projects\ConsoleApplication43\ConsoleApplication43\Debug\link.9792-rc.read.1.tlog
c:\Users\Mober6\documents\visual studio 2012\Projects\ConsoleApplication43\ConsoleApplication43\Debug\link.9792-rc.write.1.tlog
c:\Users\Mober6\documents\visual studio 2012\Projects\ConsoleApplication43\ConsoleApplication43\Debug\link.9792.read.1.tlog
c:\Users\Mober6\documents\visual studio 2012\Projects\ConsoleApplication43\ConsoleApplication43\Debug\link.9792.write.1.tlog
c:\Users\Mober6\documents\visual studio 2012\Projects\ConsoleApplication43\ConsoleApplication43\Debug\link.command.1.tlog
c:\Users\Mober6\documents\visual studio 2012\Projects\ConsoleApplication43\ConsoleApplication43\Debug\link.read.1.tlog
c:\Users\Mober6\documents\visual studio 2012\Projects\ConsoleApplication43\ConsoleApplication43\Debug\link.write.1.tlog
c:\Users\Mober6\documents\visual studio 2012\Projects\ConsoleApplication43\ConsoleApplication43\Debug\vc110.idb
c:\Users\Mober6\documents\visual studio 2012\Projects\ConsoleApplication43\ConsoleApplication43\Debug\vc110.pdb
c:\users\mober6\documents\visual studio 2012\Projects\ConsoleApplication43\Debug\ConsoleApplication43.pdb
c:\users\mober6\documents\visual studio 2012\Projects\ConsoleApplication43\Debug\ConsoleApplication43.exe
c:\users\mober6\documents\visual studio 2012\Projects\ConsoleApplication43\Debug\ConsoleApplication43.ilk
